2023-12-10 03:06:43,939 [main] INFO : Configured scenario log at logs/nMgHeZy.log
2023-12-10 03:06:43,942 [main] INFO : Running NoSQLBench Version 5.21.1-SNAPSHOT
2023-12-10 03:06:43,942 [main] INFO : command-line: run driver=cqld4 op=describe keyspaces; localdc=datacenter1 host=localhost
2023-12-10 03:06:44,611 [main] INFO : client-hardware: {"processor-name":"AMD Ryzen 9 3900X 12-Core Processor","memory-GiB":"62.73","sockets":"1","logical-cores":"24","max-frequency-ghz":"0.00","physical-cores":"12","if-speeds":["0Mib","1Gib"],"heap-max-GiB":"15.68"}
2023-12-10 03:06:44,816 [main] INFO : {"layer":"Session","start":1702177604811,"end":1702177604811,"details":{"cli":"run\ndriver\u003dcqld4\nop\u003ddescribe keyspaces;\nlocaldc\u003ddatacenter1\nhost\u003dlocalhost"}}
2023-12-10 03:06:45,489 [main] INFO : console logging level is WARN
2023-12-10 03:06:45,521 [main] INFO : Reading Bearer Token from /home/jshook/.nosqlbench/prompush/prompush_apikey
2023-12-10 03:06:45,535 [main] INFO : {"layer":"Scenario","start":1702177605534,"end":1702177605534,"details":{}}
2023-12-10 03:06:46,668 [main] INFO : setting param alias=CQLD40
2023-12-10 03:06:46,711 [main] INFO : (<☑>) {block=block0, name=block0__stmt1, op=stmt1} : matched empty pattern
2023-12-10 03:06:46,811 [main] INFO : Using prepared statement form for 'block0__stmt1
2023-12-10 03:06:47,690 [main] WARN : This cycles interval means zero total:null..null
2023-12-10 03:06:47,693 [main] INFO : defaulting stride to 1 (the sequence length)
2023-12-10 03:06:47,693 [main] INFO : defaulting cycles to 1 (the stride length)
2023-12-10 03:06:47,694 [main] WARN : Setting 'cycles' on the parameter map is likely causing a bug in your activity. Call setCycles on the def instead.
2023-12-10 03:06:47,694 [main] INFO : setting param cycles=1
2023-12-10 03:06:47,699 [] INFO : {"layer":"Activity","start":1702177607696,"end":1702177607696,"details":{"event":"start-activity","params":"ActivityDef:(3)/{op\u003ddescribe keyspaces;, localdc\u003ddatacenter1, driver\u003dcqld4, host\u003dlocalhost, alias\u003dCQLD40, cycles\u003d1, stride\u003d1}"}}
2023-12-10 03:06:47,900 [] INFO : starting activity CQLD40 for cycles [0..1)=1
2023-12-10 03:06:47,901 [] INFO : {"layer":"Activity","start":1702177607901,"end":1702177607901,"details":{"params":"ActivityDef:(3)/{op\u003ddescribe keyspaces;, localdc\u003ddatacenter1, driver\u003dcqld4, host\u003dlocalhost, alias\u003dCQLD40, cycles\u003d1, stride\u003d1}"}}
2023-12-10 03:06:50,184 [] INFO : {"layer":"Activity","start":1702177608103,"end":1702177610184,"details":{"event":"stop-activity","params":"ActivityDef:(3)/{op\u003ddescribe keyspaces;, localdc\u003ddatacenter1, driver\u003dcqld4, host\u003dlocalhost, alias\u003dCQLD40, cycles\u003d1, stride\u003d1}"}}
2023-12-10 03:06:50,408 [main] INFO : ExecutionResult{status=OK, startedAt=1702177605749, endedAt=1702177610401, exception=null, iolog=''}
