2023-12-10 21:14:06,553 [main] INFO : Configured scenario log at logs/nMkA8l7.log
2023-12-10 21:14:06,556 [main] INFO : Running NoSQLBench Version 5.21.1-SNAPSHOT
2023-12-10 21:14:06,556 [main] INFO : command-line: --list-workloads
2023-12-10 21:14:07,236 [main] INFO : client-hardware: {"max-frequency-ghz":"0.00","logical-cores":"24","sockets":"1","memory-GiB":"62.73","processor-name":"AMD Ryzen 9 3900X 12-Core Processor","heap-max-GiB":"15.68","if-speeds":["0Mib","1Gib"],"physical-cores":"12"}
2023-12-10 21:14:07,447 [main] INFO : workload URI: 'jar:file:///tmp/.mount_nb5dcXS81/usr/bin/nb5.jar!/activities/pinecone-query.yaml'
2023-12-10 21:14:07,476 [main] INFO : workload URI: 'jar:file:///tmp/.mount_nb5dcXS81/usr/bin/nb5.jar!/activities/pinecone-delete.yaml'
2023-12-10 21:14:07,483 [main] INFO : workload URI: 'jar:file:///tmp/.mount_nb5dcXS81/usr/bin/nb5.jar!/activities/pinecone-upsert.yaml'
2023-12-10 21:14:07,493 [main] INFO : workload URI: 'jar:file:///tmp/.mount_nb5dcXS81/usr/bin/nb5.jar!/activities/pinecone-stats.yaml'
2023-12-10 21:14:07,498 [main] INFO : workload URI: 'jar:file:///tmp/.mount_nb5dcXS81/usr/bin/nb5.jar!/activities/pinecone-query-multiple.yaml'
2023-12-10 21:14:07,505 [main] INFO : workload URI: 'jar:file:///tmp/.mount_nb5dcXS81/usr/bin/nb5.jar!/activities/pinecone-fetch.yaml'
2023-12-10 21:14:07,512 [main] INFO : workload URI: 'jar:file:///tmp/.mount_nb5dcXS81/usr/bin/nb5.jar!/activities/pinecone-upsert-scenario.yaml'
2023-12-10 21:14:07,518 [main] INFO : workload URI: 'jar:file:///tmp/.mount_nb5dcXS81/usr/bin/nb5.jar!/activities/pinecone-verify.yaml'
2023-12-10 21:14:07,525 [main] INFO : workload URI: 'jar:file:///tmp/.mount_nb5dcXS81/usr/bin/nb5.jar!/activities/pinecone-query-all.yaml'
2023-12-10 21:14:07,534 [main] INFO : workload URI: 'jar:file:///tmp/.mount_nb5dcXS81/usr/bin/nb5.jar!/activities/mongodb-search-basic.yaml'
2023-12-10 21:14:07,550 [main] INFO : workload URI: 'jar:file:///tmp/.mount_nb5dcXS81/usr/bin/nb5.jar!/activities/mongodb-crud-basic.yaml'
2023-12-10 21:14:07,556 [main] INFO : workload URI: 'jar:file:///tmp/.mount_nb5dcXS81/usr/bin/nb5.jar!/activities/mongodb-basic.yaml'
2023-12-10 21:14:07,561 [main] INFO : workload URI: 'jar:file:///tmp/.mount_nb5dcXS81/usr/bin/nb5.jar!/activities/mongodb-basic-uuid.yaml'
2023-12-10 21:14:07,565 [main] INFO : workload URI: 'jar:file:///tmp/.mount_nb5dcXS81/usr/bin/nb5.jar!/activities/mongodb-crud-dataset.yaml'
2023-12-10 21:14:07,571 [main] INFO : workload URI: 'jar:file:///tmp/.mount_nb5dcXS81/usr/bin/nb5.jar!/activities/documents-api/http-docsapi-crud-dataset.yaml'
2023-12-10 21:14:07,579 [main] INFO : workload URI: 'jar:file:///tmp/.mount_nb5dcXS81/usr/bin/nb5.jar!/activities/documents-api/http-docsapi-search-basic.yaml'
2023-12-10 21:14:07,589 [main] INFO : workload URI: 'jar:file:///tmp/.mount_nb5dcXS81/usr/bin/nb5.jar!/activities/documents-api/http-docsapi-crud-basic.yaml'
2023-12-10 21:14:07,596 [main] INFO : workload URI: 'jar:file:///tmp/.mount_nb5dcXS81/usr/bin/nb5.jar!/activities/documents-api/http-docsapi-search-advanced.yaml'
2023-12-10 21:14:07,606 [main] INFO : workload URI: 'jar:file:///tmp/.mount_nb5dcXS81/usr/bin/nb5.jar!/activities/documents-api/http-docsapi-keyvalue.yaml'
2023-12-10 21:14:07,612 [main] INFO : workload URI: 'jar:file:///tmp/.mount_nb5dcXS81/usr/bin/nb5.jar!/activities/graphql-schema-first/http-graphql-timeseries.yaml'
2023-12-10 21:14:07,617 [main] INFO : workload URI: 'jar:file:///tmp/.mount_nb5dcXS81/usr/bin/nb5.jar!/activities/graphql-schema-first/http-graphql-tabular.yaml'
2023-12-10 21:14:07,623 [main] INFO : workload URI: 'jar:file:///tmp/.mount_nb5dcXS81/usr/bin/nb5.jar!/activities/graphql-schema-first/http-graphql-keyvalue.yaml'
2023-12-10 21:14:07,628 [main] INFO : workload URI: 'jar:file:///tmp/.mount_nb5dcXS81/usr/bin/nb5.jar!/activities/graphql-cql-first/http-graphql-cql-tabular.yaml'
2023-12-10 21:14:07,632 [main] INFO : workload URI: 'jar:file:///tmp/.mount_nb5dcXS81/usr/bin/nb5.jar!/activities/graphql-cql-first/http-graphql-cql-timeseries.yaml'
2023-12-10 21:14:07,638 [main] INFO : workload URI: 'jar:file:///tmp/.mount_nb5dcXS81/usr/bin/nb5.jar!/activities/graphql-cql-first/http-graphql-cql-keyvalue.yaml'
2023-12-10 21:14:07,642 [main] INFO : workload URI: 'jar:file:///tmp/.mount_nb5dcXS81/usr/bin/nb5.jar!/activities/baselines/http-rest-timeseries.yaml'
2023-12-10 21:14:07,646 [main] INFO : workload URI: 'jar:file:///tmp/.mount_nb5dcXS81/usr/bin/nb5.jar!/activities/baselines/http-rest-tabular.yaml'
2023-12-10 21:14:07,650 [main] INFO : workload URI: 'jar:file:///tmp/.mount_nb5dcXS81/usr/bin/nb5.jar!/activities/baselines/http-rest-keyvalue.yaml'
2023-12-10 21:14:07,654 [main] INFO : workload URI: 'jar:file:///tmp/.mount_nb5dcXS81/usr/bin/nb5.jar!/activities/baselines/http-rest-starter.yaml'
2023-12-10 21:14:07,658 [main] INFO : workload URI: 'jar:file:///tmp/.mount_nb5dcXS81/usr/bin/nb5.jar!/activities/baselines/cql_vector_typed.yaml'
2023-12-10 21:14:07,662 [main] INFO : workload URI: 'jar:file:///tmp/.mount_nb5dcXS81/usr/bin/nb5.jar!/activities/baselines/cql_vector.yaml'
2023-12-10 21:14:07,666 [main] INFO : workload URI: 'jar:file:///tmp/.mount_nb5dcXS81/usr/bin/nb5.jar!/activities/baselines/cql_starter.yaml'
2023-12-10 21:14:07,670 [main] INFO : workload URI: 'jar:file:///tmp/.mount_nb5dcXS81/usr/bin/nb5.jar!/activities/baselines/astra_vectors_live.yaml'
2023-12-10 21:14:07,675 [main] INFO : workload URI: 'jar:file:///tmp/.mount_nb5dcXS81/usr/bin/nb5.jar!/activities/baselines/cql_iot.yaml'
2023-12-10 21:14:07,679 [main] INFO : workload URI: 'jar:file:///tmp/.mount_nb5dcXS81/usr/bin/nb5.jar!/activities/baselines/incremental.yaml'
2023-12-10 21:14:07,682 [main] INFO : workload URI: 'jar:file:///tmp/.mount_nb5dcXS81/usr/bin/nb5.jar!/activities/baselines/cql_keyvalue.yaml'
2023-12-10 21:14:07,685 [main] INFO : workload URI: 'jar:file:///tmp/.mount_nb5dcXS81/usr/bin/nb5.jar!/activities/baselines/cql_iot_dse.yaml'
2023-12-10 21:14:07,689 [main] INFO : workload URI: 'jar:file:///tmp/.mount_nb5dcXS81/usr/bin/nb5.jar!/activities/baselines/cql_tabular.yaml'
2023-12-10 21:14:07,692 [main] INFO : workload URI: 'jar:file:///tmp/.mount_nb5dcXS81/usr/bin/nb5.jar!/activities/baselines/graph_wheels.yaml'
2023-12-10 21:14:07,697 [main] INFO : workload URI: 'jar:file:///tmp/.mount_nb5dcXS81/usr/bin/nb5.jar!/activities/examples/cql-rowops.yaml'
2023-12-10 21:14:07,702 [main] INFO : workload URI: 'jar:file:///tmp/.mount_nb5dcXS81/usr/bin/nb5.jar!/activities/examples/diag-gauge.yaml'
2023-12-10 21:14:07,706 [main] INFO : workload URI: 'jar:file:///tmp/.mount_nb5dcXS81/usr/bin/nb5.jar!/activities/examples/bindings/cqlvectors.yaml'
2023-12-10 21:14:07,709 [main] INFO : workload URI: 'jar:file:///tmp/.mount_nb5dcXS81/usr/bin/nb5.jar!/activities/examples/bindings/text.yaml'
2023-12-10 21:14:07,712 [main] INFO : workload URI: 'jar:file:///tmp/.mount_nb5dcXS81/usr/bin/nb5.jar!/activities/examples/bindings/cqltypes.yaml'
2023-12-10 21:14:07,715 [main] INFO : workload URI: 'jar:file:///tmp/.mount_nb5dcXS81/usr/bin/nb5.jar!/activities/examples/bindings/date.yaml'
2023-12-10 21:14:07,717 [main] INFO : workload URI: 'jar:file:///tmp/.mount_nb5dcXS81/usr/bin/nb5.jar!/activities/examples/bindings/expr.yaml'
2023-12-10 21:14:07,720 [main] INFO : workload URI: 'jar:file:///tmp/.mount_nb5dcXS81/usr/bin/nb5.jar!/activities/examples/bindings/timestamp.yaml'
2023-12-10 21:14:07,723 [main] INFO : workload URI: 'jar:file:///tmp/.mount_nb5dcXS81/usr/bin/nb5.jar!/activities/examples/bindings/uuid.yaml'
2023-12-10 21:14:07,726 [main] INFO : workload URI: 'jar:file:///tmp/.mount_nb5dcXS81/usr/bin/nb5.jar!/activities/examples/bindings/timeuuid.yaml'
2023-12-10 21:14:07,730 [main] INFO : workload URI: 'jar:file:///tmp/.mount_nb5dcXS81/usr/bin/nb5.jar!/activities/baselinesv2/http_elastic_vector.yaml'
2023-12-10 21:14:07,735 [main] INFO : workload URI: 'jar:file:///tmp/.mount_nb5dcXS81/usr/bin/nb5.jar!/activities/baselinesv2/cql_keyvalue2_bulky.yaml'
2023-12-10 21:14:07,739 [main] INFO : workload URI: 'jar:file:///tmp/.mount_nb5dcXS81/usr/bin/nb5.jar!/activities/baselinesv2/cql_tabular2.yaml'
2023-12-10 21:14:07,744 [main] INFO : workload URI: 'jar:file:///tmp/.mount_nb5dcXS81/usr/bin/nb5.jar!/activities/baselinesv2/cql_timeseries2.yaml'
2023-12-10 21:14:07,748 [main] INFO : workload URI: 'jar:file:///tmp/.mount_nb5dcXS81/usr/bin/nb5.jar!/activities/baselinesv2/cql_keyvalue2.yaml'
2023-12-10 21:14:07,752 [main] INFO : workload URI: 'jar:file:///tmp/.mount_nb5dcXS81/usr/bin/nb5.jar!/activities/baselinesv2/cql_vector2_fvec.yaml'
2023-12-10 21:14:07,756 [main] INFO : workload URI: 'jar:file:///tmp/.mount_nb5dcXS81/usr/bin/nb5.jar!/activities/baselinesv2/cql_vector2.yaml'
2023-12-10 21:14:07,761 [main] INFO : workload URI: 'jar:file:///tmp/.mount_nb5dcXS81/usr/bin/nb5.jar!/activities/baselinesv2/dynamodb-timeseries2.yaml'
2023-12-10 21:14:07,765 [main] INFO : workload URI: 'jar:file:///tmp/.mount_nb5dcXS81/usr/bin/nb5.jar!/activities/baselinesv2/dynamodb-keyvalue2.yaml'
2023-12-10 21:14:07,768 [main] INFO : workload URI: 'jar:file:///tmp/.mount_nb5dcXS81/usr/bin/nb5.jar!/activities/baselinesv2/dynamodb-tabular2.yaml'
2023-12-10 21:14:07,772 [main] INFO : workload URI: 'jar:file:///tmp/.mount_nb5dcXS81/usr/bin/nb5.jar!/activities/baselinesv2/mongodb-keyvalue2.yaml'
2023-12-10 21:14:07,777 [main] INFO : workload URI: 'jar:file:///tmp/.mount_nb5dcXS81/usr/bin/nb5.jar!/activities/baselinesv2/mongodb_vector_search.yaml'
2023-12-10 21:14:07,782 [main] INFO : workload URI: 'jar:file:///tmp/.mount_nb5dcXS81/usr/bin/nb5.jar!/activities/baselinesv2/mongodb-timeseries2.yaml'
2023-12-10 21:14:07,787 [main] INFO : workload URI: 'jar:file:///tmp/.mount_nb5dcXS81/usr/bin/nb5.jar!/activities/baselinesv2/mongodb-tabular2.yaml'
