2023-12-10 21:14:41,031 [main] INFO : Configured scenario log at logs/nMkAfM7.log
2023-12-10 21:14:41,034 [main] INFO : Running NoSQLBench Version 5.21.1-SNAPSHOT
2023-12-10 21:14:41,035 [main] INFO : command-line: --list-workloads
2023-12-10 21:14:41,719 [main] INFO : client-hardware: {"if-speeds":["0Mib","1Gib"],"physical-cores":"12","max-frequency-ghz":"0.00","logical-cores":"24","sockets":"1","memory-GiB":"62.73","processor-name":"AMD Ryzen 9 3900X 12-Core Processor","heap-max-GiB":"15.68"}
2023-12-10 21:14:41,933 [main] INFO : workload URI: 'jar:file:///tmp/.mount_nb56mMoUn/usr/bin/nb5.jar!/activities/pinecone-query.yaml'
2023-12-10 21:14:41,964 [main] INFO : workload URI: 'jar:file:///tmp/.mount_nb56mMoUn/usr/bin/nb5.jar!/activities/pinecone-delete.yaml'
2023-12-10 21:14:41,970 [main] INFO : workload URI: 'jar:file:///tmp/.mount_nb56mMoUn/usr/bin/nb5.jar!/activities/pinecone-upsert.yaml'
2023-12-10 21:14:41,978 [main] INFO : workload URI: 'jar:file:///tmp/.mount_nb56mMoUn/usr/bin/nb5.jar!/activities/pinecone-stats.yaml'
2023-12-10 21:14:41,983 [main] INFO : workload URI: 'jar:file:///tmp/.mount_nb56mMoUn/usr/bin/nb5.jar!/activities/pinecone-query-multiple.yaml'
2023-12-10 21:14:41,991 [main] INFO : workload URI: 'jar:file:///tmp/.mount_nb56mMoUn/usr/bin/nb5.jar!/activities/pinecone-fetch.yaml'
2023-12-10 21:14:41,996 [main] INFO : workload URI: 'jar:file:///tmp/.mount_nb56mMoUn/usr/bin/nb5.jar!/activities/pinecone-upsert-scenario.yaml'
2023-12-10 21:14:42,001 [main] INFO : workload URI: 'jar:file:///tmp/.mount_nb56mMoUn/usr/bin/nb5.jar!/activities/pinecone-verify.yaml'
2023-12-10 21:14:42,007 [main] INFO : workload URI: 'jar:file:///tmp/.mount_nb56mMoUn/usr/bin/nb5.jar!/activities/pinecone-query-all.yaml'
2023-12-10 21:14:42,015 [main] INFO : workload URI: 'jar:file:///tmp/.mount_nb56mMoUn/usr/bin/nb5.jar!/activities/mongodb-search-basic.yaml'
2023-12-10 21:14:42,028 [main] INFO : workload URI: 'jar:file:///tmp/.mount_nb56mMoUn/usr/bin/nb5.jar!/activities/mongodb-crud-basic.yaml'
2023-12-10 21:14:42,034 [main] INFO : workload URI: 'jar:file:///tmp/.mount_nb56mMoUn/usr/bin/nb5.jar!/activities/mongodb-basic.yaml'
2023-12-10 21:14:42,039 [main] INFO : workload URI: 'jar:file:///tmp/.mount_nb56mMoUn/usr/bin/nb5.jar!/activities/mongodb-basic-uuid.yaml'
2023-12-10 21:14:42,043 [main] INFO : workload URI: 'jar:file:///tmp/.mount_nb56mMoUn/usr/bin/nb5.jar!/activities/mongodb-crud-dataset.yaml'
2023-12-10 21:14:42,048 [main] INFO : workload URI: 'jar:file:///tmp/.mount_nb56mMoUn/usr/bin/nb5.jar!/activities/documents-api/http-docsapi-crud-dataset.yaml'
2023-12-10 21:14:42,055 [main] INFO : workload URI: 'jar:file:///tmp/.mount_nb56mMoUn/usr/bin/nb5.jar!/activities/documents-api/http-docsapi-search-basic.yaml'
2023-12-10 21:14:42,064 [main] INFO : workload URI: 'jar:file:///tmp/.mount_nb56mMoUn/usr/bin/nb5.jar!/activities/documents-api/http-docsapi-crud-basic.yaml'
2023-12-10 21:14:42,071 [main] INFO : workload URI: 'jar:file:///tmp/.mount_nb56mMoUn/usr/bin/nb5.jar!/activities/documents-api/http-docsapi-search-advanced.yaml'
2023-12-10 21:14:42,080 [main] INFO : workload URI: 'jar:file:///tmp/.mount_nb56mMoUn/usr/bin/nb5.jar!/activities/documents-api/http-docsapi-keyvalue.yaml'
2023-12-10 21:14:42,085 [main] INFO : workload URI: 'jar:file:///tmp/.mount_nb56mMoUn/usr/bin/nb5.jar!/activities/graphql-schema-first/http-graphql-timeseries.yaml'
2023-12-10 21:14:42,090 [main] INFO : workload URI: 'jar:file:///tmp/.mount_nb56mMoUn/usr/bin/nb5.jar!/activities/graphql-schema-first/http-graphql-tabular.yaml'
2023-12-10 21:14:42,095 [main] INFO : workload URI: 'jar:file:///tmp/.mount_nb56mMoUn/usr/bin/nb5.jar!/activities/graphql-schema-first/http-graphql-keyvalue.yaml'
2023-12-10 21:14:42,100 [main] INFO : workload URI: 'jar:file:///tmp/.mount_nb56mMoUn/usr/bin/nb5.jar!/activities/graphql-cql-first/http-graphql-cql-tabular.yaml'
2023-12-10 21:14:42,105 [main] INFO : workload URI: 'jar:file:///tmp/.mount_nb56mMoUn/usr/bin/nb5.jar!/activities/graphql-cql-first/http-graphql-cql-timeseries.yaml'
2023-12-10 21:14:42,111 [main] INFO : workload URI: 'jar:file:///tmp/.mount_nb56mMoUn/usr/bin/nb5.jar!/activities/graphql-cql-first/http-graphql-cql-keyvalue.yaml'
2023-12-10 21:14:42,116 [main] INFO : workload URI: 'jar:file:///tmp/.mount_nb56mMoUn/usr/bin/nb5.jar!/activities/baselines/http-rest-timeseries.yaml'
2023-12-10 21:14:42,120 [main] INFO : workload URI: 'jar:file:///tmp/.mount_nb56mMoUn/usr/bin/nb5.jar!/activities/baselines/http-rest-tabular.yaml'
2023-12-10 21:14:42,124 [main] INFO : workload URI: 'jar:file:///tmp/.mount_nb56mMoUn/usr/bin/nb5.jar!/activities/baselines/http-rest-keyvalue.yaml'
2023-12-10 21:14:42,128 [main] INFO : workload URI: 'jar:file:///tmp/.mount_nb56mMoUn/usr/bin/nb5.jar!/activities/baselines/http-rest-starter.yaml'
2023-12-10 21:14:42,132 [main] INFO : workload URI: 'jar:file:///tmp/.mount_nb56mMoUn/usr/bin/nb5.jar!/activities/baselines/cql_vector_typed.yaml'
2023-12-10 21:14:42,136 [main] INFO : workload URI: 'jar:file:///tmp/.mount_nb56mMoUn/usr/bin/nb5.jar!/activities/baselines/cql_vector.yaml'
2023-12-10 21:14:42,140 [main] INFO : workload URI: 'jar:file:///tmp/.mount_nb56mMoUn/usr/bin/nb5.jar!/activities/baselines/cql_starter.yaml'
2023-12-10 21:14:42,144 [main] INFO : workload URI: 'jar:file:///tmp/.mount_nb56mMoUn/usr/bin/nb5.jar!/activities/baselines/astra_vectors_live.yaml'
2023-12-10 21:14:42,149 [main] INFO : workload URI: 'jar:file:///tmp/.mount_nb56mMoUn/usr/bin/nb5.jar!/activities/baselines/cql_iot.yaml'
2023-12-10 21:14:42,153 [main] INFO : workload URI: 'jar:file:///tmp/.mount_nb56mMoUn/usr/bin/nb5.jar!/activities/baselines/incremental.yaml'
2023-12-10 21:14:42,157 [main] INFO : workload URI: 'jar:file:///tmp/.mount_nb56mMoUn/usr/bin/nb5.jar!/activities/baselines/cql_keyvalue.yaml'
2023-12-10 21:14:42,160 [main] INFO : workload URI: 'jar:file:///tmp/.mount_nb56mMoUn/usr/bin/nb5.jar!/activities/baselines/cql_iot_dse.yaml'
2023-12-10 21:14:42,164 [main] INFO : workload URI: 'jar:file:///tmp/.mount_nb56mMoUn/usr/bin/nb5.jar!/activities/baselines/cql_tabular.yaml'
2023-12-10 21:14:42,168 [main] INFO : workload URI: 'jar:file:///tmp/.mount_nb56mMoUn/usr/bin/nb5.jar!/activities/baselines/graph_wheels.yaml'
2023-12-10 21:14:42,173 [main] INFO : workload URI: 'jar:file:///tmp/.mount_nb56mMoUn/usr/bin/nb5.jar!/activities/examples/cql-rowops.yaml'
2023-12-10 21:14:42,178 [main] INFO : workload URI: 'jar:file:///tmp/.mount_nb56mMoUn/usr/bin/nb5.jar!/activities/examples/diag-gauge.yaml'
2023-12-10 21:14:42,182 [main] INFO : workload URI: 'jar:file:///tmp/.mount_nb56mMoUn/usr/bin/nb5.jar!/activities/examples/bindings/cqlvectors.yaml'
2023-12-10 21:14:42,185 [main] INFO : workload URI: 'jar:file:///tmp/.mount_nb56mMoUn/usr/bin/nb5.jar!/activities/examples/bindings/text.yaml'
2023-12-10 21:14:42,188 [main] INFO : workload URI: 'jar:file:///tmp/.mount_nb56mMoUn/usr/bin/nb5.jar!/activities/examples/bindings/cqltypes.yaml'
2023-12-10 21:14:42,190 [main] INFO : workload URI: 'jar:file:///tmp/.mount_nb56mMoUn/usr/bin/nb5.jar!/activities/examples/bindings/date.yaml'
2023-12-10 21:14:42,193 [main] INFO : workload URI: 'jar:file:///tmp/.mount_nb56mMoUn/usr/bin/nb5.jar!/activities/examples/bindings/expr.yaml'
2023-12-10 21:14:42,195 [main] INFO : workload URI: 'jar:file:///tmp/.mount_nb56mMoUn/usr/bin/nb5.jar!/activities/examples/bindings/timestamp.yaml'
2023-12-10 21:14:42,198 [main] INFO : workload URI: 'jar:file:///tmp/.mount_nb56mMoUn/usr/bin/nb5.jar!/activities/examples/bindings/uuid.yaml'
2023-12-10 21:14:42,201 [main] INFO : workload URI: 'jar:file:///tmp/.mount_nb56mMoUn/usr/bin/nb5.jar!/activities/examples/bindings/timeuuid.yaml'
2023-12-10 21:14:42,205 [main] INFO : workload URI: 'jar:file:///tmp/.mount_nb56mMoUn/usr/bin/nb5.jar!/activities/baselinesv2/http_elastic_vector.yaml'
2023-12-10 21:14:42,209 [main] INFO : workload URI: 'jar:file:///tmp/.mount_nb56mMoUn/usr/bin/nb5.jar!/activities/baselinesv2/cql_keyvalue2_bulky.yaml'
2023-12-10 21:14:42,214 [main] INFO : workload URI: 'jar:file:///tmp/.mount_nb56mMoUn/usr/bin/nb5.jar!/activities/baselinesv2/cql_tabular2.yaml'
2023-12-10 21:14:42,219 [main] INFO : workload URI: 'jar:file:///tmp/.mount_nb56mMoUn/usr/bin/nb5.jar!/activities/baselinesv2/cql_timeseries2.yaml'
2023-12-10 21:14:42,223 [main] INFO : workload URI: 'jar:file:///tmp/.mount_nb56mMoUn/usr/bin/nb5.jar!/activities/baselinesv2/cql_keyvalue2.yaml'
2023-12-10 21:14:42,227 [main] INFO : workload URI: 'jar:file:///tmp/.mount_nb56mMoUn/usr/bin/nb5.jar!/activities/baselinesv2/cql_vector2_fvec.yaml'
2023-12-10 21:14:42,231 [main] INFO : workload URI: 'jar:file:///tmp/.mount_nb56mMoUn/usr/bin/nb5.jar!/activities/baselinesv2/cql_vector2.yaml'
2023-12-10 21:14:42,236 [main] INFO : workload URI: 'jar:file:///tmp/.mount_nb56mMoUn/usr/bin/nb5.jar!/activities/baselinesv2/dynamodb-timeseries2.yaml'
2023-12-10 21:14:42,240 [main] INFO : workload URI: 'jar:file:///tmp/.mount_nb56mMoUn/usr/bin/nb5.jar!/activities/baselinesv2/dynamodb-keyvalue2.yaml'
2023-12-10 21:14:42,243 [main] INFO : workload URI: 'jar:file:///tmp/.mount_nb56mMoUn/usr/bin/nb5.jar!/activities/baselinesv2/dynamodb-tabular2.yaml'
2023-12-10 21:14:42,247 [main] INFO : workload URI: 'jar:file:///tmp/.mount_nb56mMoUn/usr/bin/nb5.jar!/activities/baselinesv2/mongodb-keyvalue2.yaml'
2023-12-10 21:14:42,251 [main] INFO : workload URI: 'jar:file:///tmp/.mount_nb56mMoUn/usr/bin/nb5.jar!/activities/baselinesv2/mongodb_vector_search.yaml'
2023-12-10 21:14:42,256 [main] INFO : workload URI: 'jar:file:///tmp/.mount_nb56mMoUn/usr/bin/nb5.jar!/activities/baselinesv2/mongodb-timeseries2.yaml'
2023-12-10 21:14:42,260 [main] INFO : workload URI: 'jar:file:///tmp/.mount_nb56mMoUn/usr/bin/nb5.jar!/activities/baselinesv2/mongodb-tabular2.yaml'
