2023-12-10 20:04:47,817 [main] INFO : Configured scenario log at logs/nMkkg2l.log
2023-12-10 20:04:47,821 [main] INFO : Running NoSQLBench Version 5.21.1-SNAPSHOT
2023-12-10 20:04:47,821 [main] INFO : command-line: --list-scenarios
2023-12-10 20:04:48,480 [main] INFO : client-hardware: {"logical-cores":"24","max-frequency-ghz":"0.00","physical-cores":"12","if-speeds":["0Mib","1Gib"],"heap-max-GiB":"15.68","processor-name":"AMD Ryzen 9 3900X 12-Core Processor","memory-GiB":"62.73","sockets":"1"}
2023-12-10 20:04:48,719 [main] INFO : workload URI: 'jar:file:///tmp/.mount_nb5Ix2UNN/usr/bin/nb5.jar!/activities/pinecone-query.yaml'
2023-12-10 20:04:48,747 [main] INFO : workload URI: 'jar:file:///tmp/.mount_nb5Ix2UNN/usr/bin/nb5.jar!/activities/pinecone-delete.yaml'
2023-12-10 20:04:48,753 [main] INFO : workload URI: 'jar:file:///tmp/.mount_nb5Ix2UNN/usr/bin/nb5.jar!/activities/pinecone-upsert.yaml'
2023-12-10 20:04:48,761 [main] INFO : workload URI: 'jar:file:///tmp/.mount_nb5Ix2UNN/usr/bin/nb5.jar!/activities/pinecone-stats.yaml'
2023-12-10 20:04:48,767 [main] INFO : workload URI: 'jar:file:///tmp/.mount_nb5Ix2UNN/usr/bin/nb5.jar!/activities/pinecone-query-multiple.yaml'
2023-12-10 20:04:48,775 [main] INFO : workload URI: 'jar:file:///tmp/.mount_nb5Ix2UNN/usr/bin/nb5.jar!/activities/pinecone-fetch.yaml'
2023-12-10 20:04:48,780 [main] INFO : workload URI: 'jar:file:///tmp/.mount_nb5Ix2UNN/usr/bin/nb5.jar!/activities/pinecone-upsert-scenario.yaml'
2023-12-10 20:04:48,786 [main] INFO : workload URI: 'jar:file:///tmp/.mount_nb5Ix2UNN/usr/bin/nb5.jar!/activities/pinecone-verify.yaml'
2023-12-10 20:04:48,794 [main] INFO : workload URI: 'jar:file:///tmp/.mount_nb5Ix2UNN/usr/bin/nb5.jar!/activities/pinecone-query-all.yaml'
2023-12-10 20:04:48,803 [main] INFO : workload URI: 'jar:file:///tmp/.mount_nb5Ix2UNN/usr/bin/nb5.jar!/activities/mongodb-search-basic.yaml'
2023-12-10 20:04:48,819 [main] INFO : workload URI: 'jar:file:///tmp/.mount_nb5Ix2UNN/usr/bin/nb5.jar!/activities/mongodb-crud-basic.yaml'
2023-12-10 20:04:48,825 [main] INFO : workload URI: 'jar:file:///tmp/.mount_nb5Ix2UNN/usr/bin/nb5.jar!/activities/mongodb-basic.yaml'
2023-12-10 20:04:48,829 [main] INFO : workload URI: 'jar:file:///tmp/.mount_nb5Ix2UNN/usr/bin/nb5.jar!/activities/mongodb-basic-uuid.yaml'
2023-12-10 20:04:48,834 [main] INFO : workload URI: 'jar:file:///tmp/.mount_nb5Ix2UNN/usr/bin/nb5.jar!/activities/mongodb-crud-dataset.yaml'
2023-12-10 20:04:48,840 [main] INFO : workload URI: 'jar:file:///tmp/.mount_nb5Ix2UNN/usr/bin/nb5.jar!/activities/documents-api/http-docsapi-crud-dataset.yaml'
2023-12-10 20:04:48,847 [main] INFO : workload URI: 'jar:file:///tmp/.mount_nb5Ix2UNN/usr/bin/nb5.jar!/activities/documents-api/http-docsapi-search-basic.yaml'
2023-12-10 20:04:48,856 [main] INFO : workload URI: 'jar:file:///tmp/.mount_nb5Ix2UNN/usr/bin/nb5.jar!/activities/documents-api/http-docsapi-crud-basic.yaml'
2023-12-10 20:04:48,864 [main] INFO : workload URI: 'jar:file:///tmp/.mount_nb5Ix2UNN/usr/bin/nb5.jar!/activities/documents-api/http-docsapi-search-advanced.yaml'
2023-12-10 20:04:48,874 [main] INFO : workload URI: 'jar:file:///tmp/.mount_nb5Ix2UNN/usr/bin/nb5.jar!/activities/documents-api/http-docsapi-keyvalue.yaml'
2023-12-10 20:04:48,881 [main] INFO : workload URI: 'jar:file:///tmp/.mount_nb5Ix2UNN/usr/bin/nb5.jar!/activities/graphql-schema-first/http-graphql-timeseries.yaml'
2023-12-10 20:04:48,888 [main] INFO : workload URI: 'jar:file:///tmp/.mount_nb5Ix2UNN/usr/bin/nb5.jar!/activities/graphql-schema-first/http-graphql-tabular.yaml'
2023-12-10 20:04:48,894 [main] INFO : workload URI: 'jar:file:///tmp/.mount_nb5Ix2UNN/usr/bin/nb5.jar!/activities/graphql-schema-first/http-graphql-keyvalue.yaml'
2023-12-10 20:04:48,900 [main] INFO : workload URI: 'jar:file:///tmp/.mount_nb5Ix2UNN/usr/bin/nb5.jar!/activities/graphql-cql-first/http-graphql-cql-tabular.yaml'
2023-12-10 20:04:48,905 [main] INFO : workload URI: 'jar:file:///tmp/.mount_nb5Ix2UNN/usr/bin/nb5.jar!/activities/graphql-cql-first/http-graphql-cql-timeseries.yaml'
2023-12-10 20:04:48,910 [main] INFO : workload URI: 'jar:file:///tmp/.mount_nb5Ix2UNN/usr/bin/nb5.jar!/activities/graphql-cql-first/http-graphql-cql-keyvalue.yaml'
2023-12-10 20:04:48,915 [main] INFO : workload URI: 'jar:file:///tmp/.mount_nb5Ix2UNN/usr/bin/nb5.jar!/activities/baselines/http-rest-timeseries.yaml'
2023-12-10 20:04:48,919 [main] INFO : workload URI: 'jar:file:///tmp/.mount_nb5Ix2UNN/usr/bin/nb5.jar!/activities/baselines/http-rest-tabular.yaml'
2023-12-10 20:04:48,923 [main] INFO : workload URI: 'jar:file:///tmp/.mount_nb5Ix2UNN/usr/bin/nb5.jar!/activities/baselines/http-rest-keyvalue.yaml'
2023-12-10 20:04:48,928 [main] INFO : workload URI: 'jar:file:///tmp/.mount_nb5Ix2UNN/usr/bin/nb5.jar!/activities/baselines/http-rest-starter.yaml'
2023-12-10 20:04:48,932 [main] INFO : workload URI: 'jar:file:///tmp/.mount_nb5Ix2UNN/usr/bin/nb5.jar!/activities/baselines/cql_vector_typed.yaml'
2023-12-10 20:04:48,936 [main] INFO : workload URI: 'jar:file:///tmp/.mount_nb5Ix2UNN/usr/bin/nb5.jar!/activities/baselines/cql_vector.yaml'
2023-12-10 20:04:48,940 [main] INFO : workload URI: 'jar:file:///tmp/.mount_nb5Ix2UNN/usr/bin/nb5.jar!/activities/baselines/cql_starter.yaml'
2023-12-10 20:04:48,944 [main] INFO : workload URI: 'jar:file:///tmp/.mount_nb5Ix2UNN/usr/bin/nb5.jar!/activities/baselines/astra_vectors_live.yaml'
2023-12-10 20:04:48,950 [main] INFO : workload URI: 'jar:file:///tmp/.mount_nb5Ix2UNN/usr/bin/nb5.jar!/activities/baselines/cql_iot.yaml'
2023-12-10 20:04:48,954 [main] INFO : workload URI: 'jar:file:///tmp/.mount_nb5Ix2UNN/usr/bin/nb5.jar!/activities/baselines/incremental.yaml'
2023-12-10 20:04:48,957 [main] INFO : workload URI: 'jar:file:///tmp/.mount_nb5Ix2UNN/usr/bin/nb5.jar!/activities/baselines/cql_keyvalue.yaml'
2023-12-10 20:04:48,961 [main] INFO : workload URI: 'jar:file:///tmp/.mount_nb5Ix2UNN/usr/bin/nb5.jar!/activities/baselines/cql_iot_dse.yaml'
2023-12-10 20:04:48,965 [main] INFO : workload URI: 'jar:file:///tmp/.mount_nb5Ix2UNN/usr/bin/nb5.jar!/activities/baselines/cql_tabular.yaml'
2023-12-10 20:04:48,968 [main] INFO : workload URI: 'jar:file:///tmp/.mount_nb5Ix2UNN/usr/bin/nb5.jar!/activities/baselines/graph_wheels.yaml'
2023-12-10 20:04:48,973 [main] INFO : workload URI: 'jar:file:///tmp/.mount_nb5Ix2UNN/usr/bin/nb5.jar!/activities/examples/cql-rowops.yaml'
2023-12-10 20:04:48,977 [main] INFO : workload URI: 'jar:file:///tmp/.mount_nb5Ix2UNN/usr/bin/nb5.jar!/activities/examples/diag-gauge.yaml'
2023-12-10 20:04:48,981 [main] INFO : workload URI: 'jar:file:///tmp/.mount_nb5Ix2UNN/usr/bin/nb5.jar!/activities/examples/bindings/cqlvectors.yaml'
2023-12-10 20:04:48,984 [main] INFO : workload URI: 'jar:file:///tmp/.mount_nb5Ix2UNN/usr/bin/nb5.jar!/activities/examples/bindings/text.yaml'
2023-12-10 20:04:48,987 [main] INFO : workload URI: 'jar:file:///tmp/.mount_nb5Ix2UNN/usr/bin/nb5.jar!/activities/examples/bindings/cqltypes.yaml'
2023-12-10 20:04:48,990 [main] INFO : workload URI: 'jar:file:///tmp/.mount_nb5Ix2UNN/usr/bin/nb5.jar!/activities/examples/bindings/date.yaml'
2023-12-10 20:04:48,992 [main] INFO : workload URI: 'jar:file:///tmp/.mount_nb5Ix2UNN/usr/bin/nb5.jar!/activities/examples/bindings/expr.yaml'
2023-12-10 20:04:48,995 [main] INFO : workload URI: 'jar:file:///tmp/.mount_nb5Ix2UNN/usr/bin/nb5.jar!/activities/examples/bindings/timestamp.yaml'
2023-12-10 20:04:48,998 [main] INFO : workload URI: 'jar:file:///tmp/.mount_nb5Ix2UNN/usr/bin/nb5.jar!/activities/examples/bindings/uuid.yaml'
2023-12-10 20:04:49,000 [main] INFO : workload URI: 'jar:file:///tmp/.mount_nb5Ix2UNN/usr/bin/nb5.jar!/activities/examples/bindings/timeuuid.yaml'
2023-12-10 20:04:49,004 [main] INFO : workload URI: 'jar:file:///tmp/.mount_nb5Ix2UNN/usr/bin/nb5.jar!/activities/baselinesv2/http_elastic_vector.yaml'
2023-12-10 20:04:49,009 [main] INFO : workload URI: 'jar:file:///tmp/.mount_nb5Ix2UNN/usr/bin/nb5.jar!/activities/baselinesv2/cql_keyvalue2_bulky.yaml'
2023-12-10 20:04:49,014 [main] INFO : workload URI: 'jar:file:///tmp/.mount_nb5Ix2UNN/usr/bin/nb5.jar!/activities/baselinesv2/cql_tabular2.yaml'
2023-12-10 20:04:49,019 [main] INFO : workload URI: 'jar:file:///tmp/.mount_nb5Ix2UNN/usr/bin/nb5.jar!/activities/baselinesv2/cql_timeseries2.yaml'
2023-12-10 20:04:49,023 [main] INFO : workload URI: 'jar:file:///tmp/.mount_nb5Ix2UNN/usr/bin/nb5.jar!/activities/baselinesv2/cql_keyvalue2.yaml'
2023-12-10 20:04:49,027 [main] INFO : workload URI: 'jar:file:///tmp/.mount_nb5Ix2UNN/usr/bin/nb5.jar!/activities/baselinesv2/cql_vector2_fvec.yaml'
2023-12-10 20:04:49,031 [main] INFO : workload URI: 'jar:file:///tmp/.mount_nb5Ix2UNN/usr/bin/nb5.jar!/activities/baselinesv2/cql_vector2.yaml'
2023-12-10 20:04:49,036 [main] INFO : workload URI: 'jar:file:///tmp/.mount_nb5Ix2UNN/usr/bin/nb5.jar!/activities/baselinesv2/dynamodb-timeseries2.yaml'
2023-12-10 20:04:49,039 [main] INFO : workload URI: 'jar:file:///tmp/.mount_nb5Ix2UNN/usr/bin/nb5.jar!/activities/baselinesv2/dynamodb-keyvalue2.yaml'
2023-12-10 20:04:49,043 [main] INFO : workload URI: 'jar:file:///tmp/.mount_nb5Ix2UNN/usr/bin/nb5.jar!/activities/baselinesv2/dynamodb-tabular2.yaml'
2023-12-10 20:04:49,047 [main] INFO : workload URI: 'jar:file:///tmp/.mount_nb5Ix2UNN/usr/bin/nb5.jar!/activities/baselinesv2/mongodb-keyvalue2.yaml'
2023-12-10 20:04:49,051 [main] INFO : workload URI: 'jar:file:///tmp/.mount_nb5Ix2UNN/usr/bin/nb5.jar!/activities/baselinesv2/mongodb_vector_search.yaml'
2023-12-10 20:04:49,056 [main] INFO : workload URI: 'jar:file:///tmp/.mount_nb5Ix2UNN/usr/bin/nb5.jar!/activities/baselinesv2/mongodb-timeseries2.yaml'
2023-12-10 20:04:49,060 [main] INFO : workload URI: 'jar:file:///tmp/.mount_nb5Ix2UNN/usr/bin/nb5.jar!/activities/baselinesv2/mongodb-tabular2.yaml'
