2023-12-10 20:04:36,065 [main] INFO : Configured scenario log at logs/nMkkdae.log
2023-12-10 20:04:36,069 [main] INFO : Running NoSQLBench Version 5.21.1-SNAPSHOT
2023-12-10 20:04:36,069 [main] INFO : command-line: --list-scenarios
2023-12-10 20:04:36,745 [main] INFO : client-hardware: {"physical-cores":"12","max-frequency-ghz":"0.00","logical-cores":"24","sockets":"1","memory-GiB":"62.73","processor-name":"AMD Ryzen 9 3900X 12-Core Processor","heap-max-GiB":"15.68","if-speeds":["0Mib","1Gib"]}
2023-12-10 20:04:36,933 [main] INFO : workload URI: 'jar:file:///tmp/.mount_nb5XQSn7g/usr/bin/nb5.jar!/activities/pinecone-query.yaml'
2023-12-10 20:04:36,961 [main] INFO : workload URI: 'jar:file:///tmp/.mount_nb5XQSn7g/usr/bin/nb5.jar!/activities/pinecone-delete.yaml'
2023-12-10 20:04:36,968 [main] INFO : workload URI: 'jar:file:///tmp/.mount_nb5XQSn7g/usr/bin/nb5.jar!/activities/pinecone-upsert.yaml'
2023-12-10 20:04:36,976 [main] INFO : workload URI: 'jar:file:///tmp/.mount_nb5XQSn7g/usr/bin/nb5.jar!/activities/pinecone-stats.yaml'
2023-12-10 20:04:36,981 [main] INFO : workload URI: 'jar:file:///tmp/.mount_nb5XQSn7g/usr/bin/nb5.jar!/activities/pinecone-query-multiple.yaml'
2023-12-10 20:04:36,989 [main] INFO : workload URI: 'jar:file:///tmp/.mount_nb5XQSn7g/usr/bin/nb5.jar!/activities/pinecone-fetch.yaml'
2023-12-10 20:04:36,994 [main] INFO : workload URI: 'jar:file:///tmp/.mount_nb5XQSn7g/usr/bin/nb5.jar!/activities/pinecone-upsert-scenario.yaml'
2023-12-10 20:04:37,000 [main] INFO : workload URI: 'jar:file:///tmp/.mount_nb5XQSn7g/usr/bin/nb5.jar!/activities/pinecone-verify.yaml'
2023-12-10 20:04:37,006 [main] INFO : workload URI: 'jar:file:///tmp/.mount_nb5XQSn7g/usr/bin/nb5.jar!/activities/pinecone-query-all.yaml'
2023-12-10 20:04:37,015 [main] INFO : workload URI: 'jar:file:///tmp/.mount_nb5XQSn7g/usr/bin/nb5.jar!/activities/mongodb-search-basic.yaml'
2023-12-10 20:04:37,029 [main] INFO : workload URI: 'jar:file:///tmp/.mount_nb5XQSn7g/usr/bin/nb5.jar!/activities/mongodb-crud-basic.yaml'
2023-12-10 20:04:37,034 [main] INFO : workload URI: 'jar:file:///tmp/.mount_nb5XQSn7g/usr/bin/nb5.jar!/activities/mongodb-basic.yaml'
2023-12-10 20:04:37,039 [main] INFO : workload URI: 'jar:file:///tmp/.mount_nb5XQSn7g/usr/bin/nb5.jar!/activities/mongodb-basic-uuid.yaml'
2023-12-10 20:04:37,043 [main] INFO : workload URI: 'jar:file:///tmp/.mount_nb5XQSn7g/usr/bin/nb5.jar!/activities/mongodb-crud-dataset.yaml'
2023-12-10 20:04:37,048 [main] INFO : workload URI: 'jar:file:///tmp/.mount_nb5XQSn7g/usr/bin/nb5.jar!/activities/documents-api/http-docsapi-crud-dataset.yaml'
2023-12-10 20:04:37,055 [main] INFO : workload URI: 'jar:file:///tmp/.mount_nb5XQSn7g/usr/bin/nb5.jar!/activities/documents-api/http-docsapi-search-basic.yaml'
2023-12-10 20:04:37,063 [main] INFO : workload URI: 'jar:file:///tmp/.mount_nb5XQSn7g/usr/bin/nb5.jar!/activities/documents-api/http-docsapi-crud-basic.yaml'
2023-12-10 20:04:37,070 [main] INFO : workload URI: 'jar:file:///tmp/.mount_nb5XQSn7g/usr/bin/nb5.jar!/activities/documents-api/http-docsapi-search-advanced.yaml'
2023-12-10 20:04:37,079 [main] INFO : workload URI: 'jar:file:///tmp/.mount_nb5XQSn7g/usr/bin/nb5.jar!/activities/documents-api/http-docsapi-keyvalue.yaml'
2023-12-10 20:04:37,084 [main] INFO : workload URI: 'jar:file:///tmp/.mount_nb5XQSn7g/usr/bin/nb5.jar!/activities/graphql-schema-first/http-graphql-timeseries.yaml'
2023-12-10 20:04:37,088 [main] INFO : workload URI: 'jar:file:///tmp/.mount_nb5XQSn7g/usr/bin/nb5.jar!/activities/graphql-schema-first/http-graphql-tabular.yaml'
2023-12-10 20:04:37,093 [main] INFO : workload URI: 'jar:file:///tmp/.mount_nb5XQSn7g/usr/bin/nb5.jar!/activities/graphql-schema-first/http-graphql-keyvalue.yaml'
2023-12-10 20:04:37,098 [main] INFO : workload URI: 'jar:file:///tmp/.mount_nb5XQSn7g/usr/bin/nb5.jar!/activities/graphql-cql-first/http-graphql-cql-tabular.yaml'
2023-12-10 20:04:37,102 [main] INFO : workload URI: 'jar:file:///tmp/.mount_nb5XQSn7g/usr/bin/nb5.jar!/activities/graphql-cql-first/http-graphql-cql-timeseries.yaml'
2023-12-10 20:04:37,107 [main] INFO : workload URI: 'jar:file:///tmp/.mount_nb5XQSn7g/usr/bin/nb5.jar!/activities/graphql-cql-first/http-graphql-cql-keyvalue.yaml'
2023-12-10 20:04:37,112 [main] INFO : workload URI: 'jar:file:///tmp/.mount_nb5XQSn7g/usr/bin/nb5.jar!/activities/baselines/http-rest-timeseries.yaml'
2023-12-10 20:04:37,116 [main] INFO : workload URI: 'jar:file:///tmp/.mount_nb5XQSn7g/usr/bin/nb5.jar!/activities/baselines/http-rest-tabular.yaml'
2023-12-10 20:04:37,120 [main] INFO : workload URI: 'jar:file:///tmp/.mount_nb5XQSn7g/usr/bin/nb5.jar!/activities/baselines/http-rest-keyvalue.yaml'
2023-12-10 20:04:37,124 [main] INFO : workload URI: 'jar:file:///tmp/.mount_nb5XQSn7g/usr/bin/nb5.jar!/activities/baselines/http-rest-starter.yaml'
2023-12-10 20:04:37,128 [main] INFO : workload URI: 'jar:file:///tmp/.mount_nb5XQSn7g/usr/bin/nb5.jar!/activities/baselines/cql_vector_typed.yaml'
2023-12-10 20:04:37,132 [main] INFO : workload URI: 'jar:file:///tmp/.mount_nb5XQSn7g/usr/bin/nb5.jar!/activities/baselines/cql_vector.yaml'
2023-12-10 20:04:37,136 [main] INFO : workload URI: 'jar:file:///tmp/.mount_nb5XQSn7g/usr/bin/nb5.jar!/activities/baselines/cql_starter.yaml'
2023-12-10 20:04:37,139 [main] INFO : workload URI: 'jar:file:///tmp/.mount_nb5XQSn7g/usr/bin/nb5.jar!/activities/baselines/astra_vectors_live.yaml'
2023-12-10 20:04:37,144 [main] INFO : workload URI: 'jar:file:///tmp/.mount_nb5XQSn7g/usr/bin/nb5.jar!/activities/baselines/cql_iot.yaml'
2023-12-10 20:04:37,147 [main] INFO : workload URI: 'jar:file:///tmp/.mount_nb5XQSn7g/usr/bin/nb5.jar!/activities/baselines/incremental.yaml'
2023-12-10 20:04:37,151 [main] INFO : workload URI: 'jar:file:///tmp/.mount_nb5XQSn7g/usr/bin/nb5.jar!/activities/baselines/cql_keyvalue.yaml'
2023-12-10 20:04:37,154 [main] INFO : workload URI: 'jar:file:///tmp/.mount_nb5XQSn7g/usr/bin/nb5.jar!/activities/baselines/cql_iot_dse.yaml'
2023-12-10 20:04:37,158 [main] INFO : workload URI: 'jar:file:///tmp/.mount_nb5XQSn7g/usr/bin/nb5.jar!/activities/baselines/cql_tabular.yaml'
2023-12-10 20:04:37,161 [main] INFO : workload URI: 'jar:file:///tmp/.mount_nb5XQSn7g/usr/bin/nb5.jar!/activities/baselines/graph_wheels.yaml'
2023-12-10 20:04:37,165 [main] INFO : workload URI: 'jar:file:///tmp/.mount_nb5XQSn7g/usr/bin/nb5.jar!/activities/examples/cql-rowops.yaml'
2023-12-10 20:04:37,169 [main] INFO : workload URI: 'jar:file:///tmp/.mount_nb5XQSn7g/usr/bin/nb5.jar!/activities/examples/diag-gauge.yaml'
2023-12-10 20:04:37,172 [main] INFO : workload URI: 'jar:file:///tmp/.mount_nb5XQSn7g/usr/bin/nb5.jar!/activities/examples/bindings/cqlvectors.yaml'
2023-12-10 20:04:37,175 [main] INFO : workload URI: 'jar:file:///tmp/.mount_nb5XQSn7g/usr/bin/nb5.jar!/activities/examples/bindings/text.yaml'
2023-12-10 20:04:37,178 [main] INFO : workload URI: 'jar:file:///tmp/.mount_nb5XQSn7g/usr/bin/nb5.jar!/activities/examples/bindings/cqltypes.yaml'
2023-12-10 20:04:37,181 [main] INFO : workload URI: 'jar:file:///tmp/.mount_nb5XQSn7g/usr/bin/nb5.jar!/activities/examples/bindings/date.yaml'
2023-12-10 20:04:37,183 [main] INFO : workload URI: 'jar:file:///tmp/.mount_nb5XQSn7g/usr/bin/nb5.jar!/activities/examples/bindings/expr.yaml'
2023-12-10 20:04:37,186 [main] INFO : workload URI: 'jar:file:///tmp/.mount_nb5XQSn7g/usr/bin/nb5.jar!/activities/examples/bindings/timestamp.yaml'
2023-12-10 20:04:37,188 [main] INFO : workload URI: 'jar:file:///tmp/.mount_nb5XQSn7g/usr/bin/nb5.jar!/activities/examples/bindings/uuid.yaml'
2023-12-10 20:04:37,191 [main] INFO : workload URI: 'jar:file:///tmp/.mount_nb5XQSn7g/usr/bin/nb5.jar!/activities/examples/bindings/timeuuid.yaml'
2023-12-10 20:04:37,195 [main] INFO : workload URI: 'jar:file:///tmp/.mount_nb5XQSn7g/usr/bin/nb5.jar!/activities/baselinesv2/http_elastic_vector.yaml'
2023-12-10 20:04:37,199 [main] INFO : workload URI: 'jar:file:///tmp/.mount_nb5XQSn7g/usr/bin/nb5.jar!/activities/baselinesv2/cql_keyvalue2_bulky.yaml'
2023-12-10 20:04:37,203 [main] INFO : workload URI: 'jar:file:///tmp/.mount_nb5XQSn7g/usr/bin/nb5.jar!/activities/baselinesv2/cql_tabular2.yaml'
2023-12-10 20:04:37,207 [main] INFO : workload URI: 'jar:file:///tmp/.mount_nb5XQSn7g/usr/bin/nb5.jar!/activities/baselinesv2/cql_timeseries2.yaml'
2023-12-10 20:04:37,211 [main] INFO : workload URI: 'jar:file:///tmp/.mount_nb5XQSn7g/usr/bin/nb5.jar!/activities/baselinesv2/cql_keyvalue2.yaml'
2023-12-10 20:04:37,215 [main] INFO : workload URI: 'jar:file:///tmp/.mount_nb5XQSn7g/usr/bin/nb5.jar!/activities/baselinesv2/cql_vector2_fvec.yaml'
2023-12-10 20:04:37,219 [main] INFO : workload URI: 'jar:file:///tmp/.mount_nb5XQSn7g/usr/bin/nb5.jar!/activities/baselinesv2/cql_vector2.yaml'
2023-12-10 20:04:37,223 [main] INFO : workload URI: 'jar:file:///tmp/.mount_nb5XQSn7g/usr/bin/nb5.jar!/activities/baselinesv2/dynamodb-timeseries2.yaml'
2023-12-10 20:04:37,226 [main] INFO : workload URI: 'jar:file:///tmp/.mount_nb5XQSn7g/usr/bin/nb5.jar!/activities/baselinesv2/dynamodb-keyvalue2.yaml'
2023-12-10 20:04:37,230 [main] INFO : workload URI: 'jar:file:///tmp/.mount_nb5XQSn7g/usr/bin/nb5.jar!/activities/baselinesv2/dynamodb-tabular2.yaml'
2023-12-10 20:04:37,234 [main] INFO : workload URI: 'jar:file:///tmp/.mount_nb5XQSn7g/usr/bin/nb5.jar!/activities/baselinesv2/mongodb-keyvalue2.yaml'
2023-12-10 20:04:37,238 [main] INFO : workload URI: 'jar:file:///tmp/.mount_nb5XQSn7g/usr/bin/nb5.jar!/activities/baselinesv2/mongodb_vector_search.yaml'
2023-12-10 20:04:37,242 [main] INFO : workload URI: 'jar:file:///tmp/.mount_nb5XQSn7g/usr/bin/nb5.jar!/activities/baselinesv2/mongodb-timeseries2.yaml'
2023-12-10 20:04:37,246 [main] INFO : workload URI: 'jar:file:///tmp/.mount_nb5XQSn7g/usr/bin/nb5.jar!/activities/baselinesv2/mongodb-tabular2.yaml'
