2023-12-10 20:05:18,531 [main] INFO : Configured scenario log at logs/nMkknwP.log
2023-12-10 20:05:18,534 [main] INFO : Running NoSQLBench Version 5.21.1-SNAPSHOT
2023-12-10 20:05:18,534 [main] INFO : command-line: --list-workloads
2023-12-10 20:05:19,209 [main] INFO : client-hardware: {"if-speeds":["0Mib","1Gib"],"physical-cores":"12","max-frequency-ghz":"0.00","logical-cores":"24","sockets":"1","memory-GiB":"62.73","processor-name":"AMD Ryzen 9 3900X 12-Core Processor","heap-max-GiB":"15.68"}
2023-12-10 20:05:19,399 [main] INFO : workload URI: 'jar:file:///tmp/.mount_nb5rrS9hx/usr/bin/nb5.jar!/activities/pinecone-query.yaml'
2023-12-10 20:05:19,426 [main] INFO : workload URI: 'jar:file:///tmp/.mount_nb5rrS9hx/usr/bin/nb5.jar!/activities/pinecone-delete.yaml'
2023-12-10 20:05:19,432 [main] INFO : workload URI: 'jar:file:///tmp/.mount_nb5rrS9hx/usr/bin/nb5.jar!/activities/pinecone-upsert.yaml'
2023-12-10 20:05:19,440 [main] INFO : workload URI: 'jar:file:///tmp/.mount_nb5rrS9hx/usr/bin/nb5.jar!/activities/pinecone-stats.yaml'
2023-12-10 20:05:19,445 [main] INFO : workload URI: 'jar:file:///tmp/.mount_nb5rrS9hx/usr/bin/nb5.jar!/activities/pinecone-query-multiple.yaml'
2023-12-10 20:05:19,451 [main] INFO : workload URI: 'jar:file:///tmp/.mount_nb5rrS9hx/usr/bin/nb5.jar!/activities/pinecone-fetch.yaml'
2023-12-10 20:05:19,456 [main] INFO : workload URI: 'jar:file:///tmp/.mount_nb5rrS9hx/usr/bin/nb5.jar!/activities/pinecone-upsert-scenario.yaml'
2023-12-10 20:05:19,463 [main] INFO : workload URI: 'jar:file:///tmp/.mount_nb5rrS9hx/usr/bin/nb5.jar!/activities/pinecone-verify.yaml'
2023-12-10 20:05:19,471 [main] INFO : workload URI: 'jar:file:///tmp/.mount_nb5rrS9hx/usr/bin/nb5.jar!/activities/pinecone-query-all.yaml'
2023-12-10 20:05:19,480 [main] INFO : workload URI: 'jar:file:///tmp/.mount_nb5rrS9hx/usr/bin/nb5.jar!/activities/mongodb-search-basic.yaml'
2023-12-10 20:05:19,495 [main] INFO : workload URI: 'jar:file:///tmp/.mount_nb5rrS9hx/usr/bin/nb5.jar!/activities/mongodb-crud-basic.yaml'
2023-12-10 20:05:19,502 [main] INFO : workload URI: 'jar:file:///tmp/.mount_nb5rrS9hx/usr/bin/nb5.jar!/activities/mongodb-basic.yaml'
2023-12-10 20:05:19,507 [main] INFO : workload URI: 'jar:file:///tmp/.mount_nb5rrS9hx/usr/bin/nb5.jar!/activities/mongodb-basic-uuid.yaml'
2023-12-10 20:05:19,512 [main] INFO : workload URI: 'jar:file:///tmp/.mount_nb5rrS9hx/usr/bin/nb5.jar!/activities/mongodb-crud-dataset.yaml'
2023-12-10 20:05:19,518 [main] INFO : workload URI: 'jar:file:///tmp/.mount_nb5rrS9hx/usr/bin/nb5.jar!/activities/documents-api/http-docsapi-crud-dataset.yaml'
2023-12-10 20:05:19,526 [main] INFO : workload URI: 'jar:file:///tmp/.mount_nb5rrS9hx/usr/bin/nb5.jar!/activities/documents-api/http-docsapi-search-basic.yaml'
2023-12-10 20:05:19,536 [main] INFO : workload URI: 'jar:file:///tmp/.mount_nb5rrS9hx/usr/bin/nb5.jar!/activities/documents-api/http-docsapi-crud-basic.yaml'
2023-12-10 20:05:19,543 [main] INFO : workload URI: 'jar:file:///tmp/.mount_nb5rrS9hx/usr/bin/nb5.jar!/activities/documents-api/http-docsapi-search-advanced.yaml'
2023-12-10 20:05:19,552 [main] INFO : workload URI: 'jar:file:///tmp/.mount_nb5rrS9hx/usr/bin/nb5.jar!/activities/documents-api/http-docsapi-keyvalue.yaml'
2023-12-10 20:05:19,557 [main] INFO : workload URI: 'jar:file:///tmp/.mount_nb5rrS9hx/usr/bin/nb5.jar!/activities/graphql-schema-first/http-graphql-timeseries.yaml'
2023-12-10 20:05:19,563 [main] INFO : workload URI: 'jar:file:///tmp/.mount_nb5rrS9hx/usr/bin/nb5.jar!/activities/graphql-schema-first/http-graphql-tabular.yaml'
2023-12-10 20:05:19,569 [main] INFO : workload URI: 'jar:file:///tmp/.mount_nb5rrS9hx/usr/bin/nb5.jar!/activities/graphql-schema-first/http-graphql-keyvalue.yaml'
2023-12-10 20:05:19,574 [main] INFO : workload URI: 'jar:file:///tmp/.mount_nb5rrS9hx/usr/bin/nb5.jar!/activities/graphql-cql-first/http-graphql-cql-tabular.yaml'
2023-12-10 20:05:19,579 [main] INFO : workload URI: 'jar:file:///tmp/.mount_nb5rrS9hx/usr/bin/nb5.jar!/activities/graphql-cql-first/http-graphql-cql-timeseries.yaml'
2023-12-10 20:05:19,584 [main] INFO : workload URI: 'jar:file:///tmp/.mount_nb5rrS9hx/usr/bin/nb5.jar!/activities/graphql-cql-first/http-graphql-cql-keyvalue.yaml'
2023-12-10 20:05:19,589 [main] INFO : workload URI: 'jar:file:///tmp/.mount_nb5rrS9hx/usr/bin/nb5.jar!/activities/baselines/http-rest-timeseries.yaml'
2023-12-10 20:05:19,594 [main] INFO : workload URI: 'jar:file:///tmp/.mount_nb5rrS9hx/usr/bin/nb5.jar!/activities/baselines/http-rest-tabular.yaml'
2023-12-10 20:05:19,598 [main] INFO : workload URI: 'jar:file:///tmp/.mount_nb5rrS9hx/usr/bin/nb5.jar!/activities/baselines/http-rest-keyvalue.yaml'
2023-12-10 20:05:19,603 [main] INFO : workload URI: 'jar:file:///tmp/.mount_nb5rrS9hx/usr/bin/nb5.jar!/activities/baselines/http-rest-starter.yaml'
2023-12-10 20:05:19,607 [main] INFO : workload URI: 'jar:file:///tmp/.mount_nb5rrS9hx/usr/bin/nb5.jar!/activities/baselines/cql_vector_typed.yaml'
2023-12-10 20:05:19,611 [main] INFO : workload URI: 'jar:file:///tmp/.mount_nb5rrS9hx/usr/bin/nb5.jar!/activities/baselines/cql_vector.yaml'
2023-12-10 20:05:19,616 [main] INFO : workload URI: 'jar:file:///tmp/.mount_nb5rrS9hx/usr/bin/nb5.jar!/activities/baselines/cql_starter.yaml'
2023-12-10 20:05:19,620 [main] INFO : workload URI: 'jar:file:///tmp/.mount_nb5rrS9hx/usr/bin/nb5.jar!/activities/baselines/astra_vectors_live.yaml'
2023-12-10 20:05:19,625 [main] INFO : workload URI: 'jar:file:///tmp/.mount_nb5rrS9hx/usr/bin/nb5.jar!/activities/baselines/cql_iot.yaml'
2023-12-10 20:05:19,629 [main] INFO : workload URI: 'jar:file:///tmp/.mount_nb5rrS9hx/usr/bin/nb5.jar!/activities/baselines/incremental.yaml'
2023-12-10 20:05:19,633 [main] INFO : workload URI: 'jar:file:///tmp/.mount_nb5rrS9hx/usr/bin/nb5.jar!/activities/baselines/cql_keyvalue.yaml'
2023-12-10 20:05:19,637 [main] INFO : workload URI: 'jar:file:///tmp/.mount_nb5rrS9hx/usr/bin/nb5.jar!/activities/baselines/cql_iot_dse.yaml'
2023-12-10 20:05:19,641 [main] INFO : workload URI: 'jar:file:///tmp/.mount_nb5rrS9hx/usr/bin/nb5.jar!/activities/baselines/cql_tabular.yaml'
2023-12-10 20:05:19,645 [main] INFO : workload URI: 'jar:file:///tmp/.mount_nb5rrS9hx/usr/bin/nb5.jar!/activities/baselines/graph_wheels.yaml'
2023-12-10 20:05:19,649 [main] INFO : workload URI: 'jar:file:///tmp/.mount_nb5rrS9hx/usr/bin/nb5.jar!/activities/examples/cql-rowops.yaml'
2023-12-10 20:05:19,653 [main] INFO : workload URI: 'jar:file:///tmp/.mount_nb5rrS9hx/usr/bin/nb5.jar!/activities/examples/diag-gauge.yaml'
2023-12-10 20:05:19,657 [main] INFO : workload URI: 'jar:file:///tmp/.mount_nb5rrS9hx/usr/bin/nb5.jar!/activities/examples/bindings/cqlvectors.yaml'
2023-12-10 20:05:19,660 [main] INFO : workload URI: 'jar:file:///tmp/.mount_nb5rrS9hx/usr/bin/nb5.jar!/activities/examples/bindings/text.yaml'
2023-12-10 20:05:19,663 [main] INFO : workload URI: 'jar:file:///tmp/.mount_nb5rrS9hx/usr/bin/nb5.jar!/activities/examples/bindings/cqltypes.yaml'
2023-12-10 20:05:19,666 [main] INFO : workload URI: 'jar:file:///tmp/.mount_nb5rrS9hx/usr/bin/nb5.jar!/activities/examples/bindings/date.yaml'
2023-12-10 20:05:19,668 [main] INFO : workload URI: 'jar:file:///tmp/.mount_nb5rrS9hx/usr/bin/nb5.jar!/activities/examples/bindings/expr.yaml'
2023-12-10 20:05:19,671 [main] INFO : workload URI: 'jar:file:///tmp/.mount_nb5rrS9hx/usr/bin/nb5.jar!/activities/examples/bindings/timestamp.yaml'
2023-12-10 20:05:19,674 [main] INFO : workload URI: 'jar:file:///tmp/.mount_nb5rrS9hx/usr/bin/nb5.jar!/activities/examples/bindings/uuid.yaml'
2023-12-10 20:05:19,676 [main] INFO : workload URI: 'jar:file:///tmp/.mount_nb5rrS9hx/usr/bin/nb5.jar!/activities/examples/bindings/timeuuid.yaml'
2023-12-10 20:05:19,680 [main] INFO : workload URI: 'jar:file:///tmp/.mount_nb5rrS9hx/usr/bin/nb5.jar!/activities/baselinesv2/http_elastic_vector.yaml'
2023-12-10 20:05:19,685 [main] INFO : workload URI: 'jar:file:///tmp/.mount_nb5rrS9hx/usr/bin/nb5.jar!/activities/baselinesv2/cql_keyvalue2_bulky.yaml'
2023-12-10 20:05:19,690 [main] INFO : workload URI: 'jar:file:///tmp/.mount_nb5rrS9hx/usr/bin/nb5.jar!/activities/baselinesv2/cql_tabular2.yaml'
2023-12-10 20:05:19,695 [main] INFO : workload URI: 'jar:file:///tmp/.mount_nb5rrS9hx/usr/bin/nb5.jar!/activities/baselinesv2/cql_timeseries2.yaml'
2023-12-10 20:05:19,700 [main] INFO : workload URI: 'jar:file:///tmp/.mount_nb5rrS9hx/usr/bin/nb5.jar!/activities/baselinesv2/cql_keyvalue2.yaml'
2023-12-10 20:05:19,704 [main] INFO : workload URI: 'jar:file:///tmp/.mount_nb5rrS9hx/usr/bin/nb5.jar!/activities/baselinesv2/cql_vector2_fvec.yaml'
2023-12-10 20:05:19,709 [main] INFO : workload URI: 'jar:file:///tmp/.mount_nb5rrS9hx/usr/bin/nb5.jar!/activities/baselinesv2/cql_vector2.yaml'
2023-12-10 20:05:19,715 [main] INFO : workload URI: 'jar:file:///tmp/.mount_nb5rrS9hx/usr/bin/nb5.jar!/activities/baselinesv2/dynamodb-timeseries2.yaml'
2023-12-10 20:05:19,719 [main] INFO : workload URI: 'jar:file:///tmp/.mount_nb5rrS9hx/usr/bin/nb5.jar!/activities/baselinesv2/dynamodb-keyvalue2.yaml'
2023-12-10 20:05:19,723 [main] INFO : workload URI: 'jar:file:///tmp/.mount_nb5rrS9hx/usr/bin/nb5.jar!/activities/baselinesv2/dynamodb-tabular2.yaml'
2023-12-10 20:05:19,727 [main] INFO : workload URI: 'jar:file:///tmp/.mount_nb5rrS9hx/usr/bin/nb5.jar!/activities/baselinesv2/mongodb-keyvalue2.yaml'
2023-12-10 20:05:19,732 [main] INFO : workload URI: 'jar:file:///tmp/.mount_nb5rrS9hx/usr/bin/nb5.jar!/activities/baselinesv2/mongodb_vector_search.yaml'
2023-12-10 20:05:19,737 [main] INFO : workload URI: 'jar:file:///tmp/.mount_nb5rrS9hx/usr/bin/nb5.jar!/activities/baselinesv2/mongodb-timeseries2.yaml'
2023-12-10 20:05:19,741 [main] INFO : workload URI: 'jar:file:///tmp/.mount_nb5rrS9hx/usr/bin/nb5.jar!/activities/baselinesv2/mongodb-tabular2.yaml'
