2023-12-10 20:16:52,324 [main] INFO : Configured scenario log at logs/nMkn1Xb.log
2023-12-10 20:16:52,327 [main] INFO : Running NoSQLBench Version 5.21.1-SNAPSHOT
2023-12-10 20:16:52,327 [main] INFO : command-line: baselinesv2/cql_keyvalue2 host=localhost localdc=datacenter1 rampup-cycles=100K main-cycles=100K
2023-12-10 20:16:52,978 [main] INFO : client-hardware: {"physical-cores":"12","max-frequency-ghz":"0.00","logical-cores":"24","sockets":"1","memory-GiB":"62.73","processor-name":"AMD Ryzen 9 3900X 12-Core Processor","heap-max-GiB":"15.68","if-speeds":["0Mib","1Gib"]}
2023-12-10 20:16:53,184 [main] INFO : workload URI: 'jar:file:///tmp/.mount_nb5INsKvC/usr/bin/nb5.jar!/activities/baselinesv2/cql_keyvalue2.yaml'
2023-12-10 20:16:53,245 [main] INFO : {"layer":"Session","start":1702239413241,"end":1702239413241,"details":{"cli":"baselinesv2/cql_keyvalue2\nhost\u003dlocalhost\nlocaldc\u003ddatacenter1\nrampup-cycles\u003d100K\nmain-cycles\u003d100K"}}
2023-12-10 20:16:53,902 [main] INFO : console logging level is WARN
2023-12-10 20:16:53,928 [main] INFO : Reading Bearer Token from /home/jshook/.nosqlbench/prompush/prompush_apikey
2023-12-10 20:16:53,941 [main] INFO : {"layer":"Scenario","start":1702239413940,"end":1702239413940,"details":{}}
2023-12-10 20:16:55,113 [main] INFO : workload URI: 'jar:file:///tmp/.mount_nb5INsKvC/usr/bin/nb5.jar!/activities/baselinesv2/cql_keyvalue2.yaml'
2023-12-10 20:16:55,145 [main] INFO : workload URI: 'jar:file:///tmp/.mount_nb5INsKvC/usr/bin/nb5.jar!/activities/baselinesv2/cql_keyvalue2.yaml'
2023-12-10 20:16:55,159 [main] INFO : (☑,☑) filter(block:schema) tag(block:schema): matched pattern '^schema$'
2023-12-10 20:16:55,159 [main] INFO : (☑,☑) filter(block:schema) tag(block:schema): matched pattern '^schema$'
2023-12-10 20:16:55,159 [main] INFO : (☑,☐) filter(block:schema) tag(block:schema_astra): did not match '^schema$'
2023-12-10 20:16:55,159 [main] INFO : (☑,☐) filter(block:schema) tag(block:rampup): did not match '^schema$'
2023-12-10 20:16:55,159 [main] INFO : (☑,☐) filter(block:schema) tag(block:verify): did not match '^schema$'
2023-12-10 20:16:55,159 [main] INFO : (☑,☐) filter(block:schema) tag(block:verify): did not match '^schema$'
2023-12-10 20:16:55,159 [main] INFO : (☑,☐) filter(block:schema) tag(block:main_read): did not match '^schema$'
2023-12-10 20:16:55,160 [main] INFO : (☑,☐) filter(block:schema) tag(block:main_write): did not match '^schema$'
2023-12-10 20:16:55,282 [main] INFO : Using prepared statement form for 'schema__create_keyspace
2023-12-10 20:16:55,554 [main] INFO : DataStax Java driver for Apache Cassandra(R) (com.datastax.oss:java-driver-core) version 4.17.0
2023-12-10 20:16:55,633 [main] INFO : Adding handler to invalidate cached prepared statements on type changes
2023-12-10 20:16:55,855 [s0-admin-0] INFO : Using native clock for microsecond precision
2023-12-10 20:16:56,169 [main] INFO : Using prepared statement form for 'schema__create_table
2023-12-10 20:16:56,182 [main] INFO : defaulting stride to 2 (the sequence length)
2023-12-10 20:16:56,183 [main] INFO : defaulting cycles to 2 (the stride length)
2023-12-10 20:16:56,183 [main] INFO : setting param cycles=2
2023-12-10 20:16:56,183 [main] INFO : setting threads to 1 (direct)
2023-12-10 20:16:56,188 [] INFO : {"layer":"Activity","start":1702239416186,"end":1702239416186,"details":{"event":"start-activity","params":"ActivityDef:(13)/{localdc\u003ddatacenter1, driver\u003dcql, host\u003dlocalhost, threads\u003d1, workload\u003dbaselinesv2/cql_keyvalue2, alias\u003dschema, cycles\u003d2, stride\u003d2, tags\u003dblock:schema, labels\u003dworkload:cql_keyvalue2,scenario:default}"}}
2023-12-10 20:16:56,387 [] INFO : setting threads to 1 (direct)
2023-12-10 20:16:56,392 [] INFO : starting activity schema for cycles [0..2)=2
2023-12-10 20:16:56,393 [] INFO : {"layer":"Activity","start":1702239416393,"end":1702239416393,"details":{"params":"ActivityDef:(13)/{localdc\u003ddatacenter1, driver\u003dcql, host\u003dlocalhost, threads\u003d1, workload\u003dbaselinesv2/cql_keyvalue2, alias\u003dschema, cycles\u003d2, stride\u003d2, tags\u003dblock:schema, labels\u003dworkload:cql_keyvalue2,scenario:default}"}}
2023-12-10 20:16:58,665 [] INFO : {"layer":"Activity","start":1702239416588,"end":1702239418665,"details":{"event":"stop-activity","params":"ActivityDef:(13)/{localdc\u003ddatacenter1, driver\u003dcql, host\u003dlocalhost, threads\u003d1, workload\u003dbaselinesv2/cql_keyvalue2, alias\u003dschema, cycles\u003d2, stride\u003d2, tags\u003dblock:schema, labels\u003dworkload:cql_keyvalue2,scenario:default}"}}
2023-12-10 20:16:58,908 [main] INFO : workload URI: 'jar:file:///tmp/.mount_nb5INsKvC/usr/bin/nb5.jar!/activities/baselinesv2/cql_keyvalue2.yaml'
2023-12-10 20:16:58,922 [main] INFO : workload URI: 'jar:file:///tmp/.mount_nb5INsKvC/usr/bin/nb5.jar!/activities/baselinesv2/cql_keyvalue2.yaml'
2023-12-10 20:16:58,930 [main] INFO : (☑,☐) filter(block:rampup) tag(block:schema): did not match '^rampup$'
2023-12-10 20:16:58,930 [main] INFO : (☑,☐) filter(block:rampup) tag(block:schema): did not match '^rampup$'
2023-12-10 20:16:58,930 [main] INFO : (☑,☐) filter(block:rampup) tag(block:schema_astra): did not match '^rampup$'
2023-12-10 20:16:58,930 [main] INFO : (☑,☑) filter(block:rampup) tag(block:rampup): matched pattern '^rampup$'
2023-12-10 20:16:58,930 [main] INFO : (☑,☐) filter(block:rampup) tag(block:verify): did not match '^rampup$'
2023-12-10 20:16:58,930 [main] INFO : (☑,☐) filter(block:rampup) tag(block:verify): did not match '^rampup$'
2023-12-10 20:16:58,930 [main] INFO : (☑,☐) filter(block:rampup) tag(block:main_read): did not match '^rampup$'
2023-12-10 20:16:58,930 [main] INFO : (☑,☐) filter(block:rampup) tag(block:main_write): did not match '^rampup$'
2023-12-10 20:16:59,174 [main] INFO : Using prepared statement form for 'rampup__rampup_insert
2023-12-10 20:16:59,192 [main] INFO : Adding handler to invalidate cached prepared statements on type changes
2023-12-10 20:16:59,194 [s1-admin-0] INFO : Using native clock for microsecond precision
2023-12-10 20:16:59,224 [main] INFO : defaulting stride to 1 (the sequence length)
2023-12-10 20:16:59,224 [main] INFO : setting threads to 240 (auto) [10xCORES]
2023-12-10 20:16:59,225 [] INFO : {"layer":"Activity","start":1702239419225,"end":1702239419225,"details":{"event":"start-activity","params":"ActivityDef:(12)/{localdc\u003ddatacenter1, driver\u003dcql, host\u003dlocalhost, threads\u003d240, workload\u003dbaselinesv2/cql_keyvalue2, alias\u003drampup, cycles\u003d100K, stride\u003d1, tags\u003dblock:rampup, labels\u003dworkload:cql_keyvalue2,scenario:default}"}}
2023-12-10 20:16:59,420 [] INFO : setting threads to 240 (direct)
2023-12-10 20:16:59,421 [] INFO : starting activity rampup for cycles [0..100K)=100000
2023-12-10 20:16:59,421 [] INFO : {"layer":"Activity","start":1702239419421,"end":1702239419421,"details":{"params":"ActivityDef:(12)/{localdc\u003ddatacenter1, driver\u003dcql, host\u003dlocalhost, threads\u003d240, workload\u003dbaselinesv2/cql_keyvalue2, alias\u003drampup, cycles\u003d100K, stride\u003d1, tags\u003dblock:rampup, labels\u003dworkload:cql_keyvalue2,scenario:default}"}}
2023-12-10 20:17:03,079 [] INFO : {"layer":"Activity","start":1702239419624,"end":1702239423078,"details":{"event":"stop-activity","params":"ActivityDef:(12)/{localdc\u003ddatacenter1, driver\u003dcql, host\u003dlocalhost, threads\u003d240, workload\u003dbaselinesv2/cql_keyvalue2, alias\u003drampup, cycles\u003d100K, stride\u003d1, tags\u003dblock:rampup, labels\u003dworkload:cql_keyvalue2,scenario:default}"}}
2023-12-10 20:17:03,299 [main] INFO : workload URI: 'jar:file:///tmp/.mount_nb5INsKvC/usr/bin/nb5.jar!/activities/baselinesv2/cql_keyvalue2.yaml'
2023-12-10 20:17:03,312 [main] INFO : workload URI: 'jar:file:///tmp/.mount_nb5INsKvC/usr/bin/nb5.jar!/activities/baselinesv2/cql_keyvalue2.yaml'
2023-12-10 20:17:03,319 [main] INFO : (☑,☐) filter(block:main.*) tag(block:schema): did not match '^main.*$'
2023-12-10 20:17:03,319 [main] INFO : (☑,☐) filter(block:main.*) tag(block:schema): did not match '^main.*$'
2023-12-10 20:17:03,319 [main] INFO : (☑,☐) filter(block:main.*) tag(block:schema_astra): did not match '^main.*$'
2023-12-10 20:17:03,320 [main] INFO : (☑,☐) filter(block:main.*) tag(block:rampup): did not match '^main.*$'
2023-12-10 20:17:03,320 [main] INFO : (☑,☐) filter(block:main.*) tag(block:verify): did not match '^main.*$'
2023-12-10 20:17:03,320 [main] INFO : (☑,☐) filter(block:main.*) tag(block:verify): did not match '^main.*$'
2023-12-10 20:17:03,320 [main] INFO : (☑,☑) filter(block:main.*) tag(block:main_read): matched pattern '^main.*$'
2023-12-10 20:17:03,320 [main] INFO : (☑,☑) filter(block:main.*) tag(block:main_write): matched pattern '^main.*$'
2023-12-10 20:17:03,359 [main] INFO : Using prepared statement form for 'main_read__main_select
2023-12-10 20:17:03,368 [main] INFO : Adding handler to invalidate cached prepared statements on type changes
2023-12-10 20:17:03,370 [s2-admin-0] INFO : Using native clock for microsecond precision
2023-12-10 20:17:03,397 [main] INFO : Using prepared statement form for 'main_write__main_insert
2023-12-10 20:17:03,414 [main] INFO : defaulting stride to 10 (the sequence length)
2023-12-10 20:17:03,414 [main] INFO : setting threads to 240 (auto) [10xCORES]
2023-12-10 20:17:03,414 [] INFO : {"layer":"Activity","start":1702239423414,"end":1702239423414,"details":{"event":"start-activity","params":"ActivityDef:(12)/{localdc\u003ddatacenter1, driver\u003dcql, host\u003dlocalhost, threads\u003d240, workload\u003dbaselinesv2/cql_keyvalue2, alias\u003dmain, cycles\u003d100K, stride\u003d10, tags\u003dblock:\"main.*\", labels\u003dworkload:cql_keyvalue2,scenario:default}"}}
2023-12-10 20:17:03,611 [] INFO : setting threads to 240 (direct)
2023-12-10 20:17:03,611 [] INFO : starting activity main for cycles [0..100K)=100000
2023-12-10 20:17:03,612 [] INFO : {"layer":"Activity","start":1702239423612,"end":1702239423612,"details":{"params":"ActivityDef:(12)/{localdc\u003ddatacenter1, driver\u003dcql, host\u003dlocalhost, threads\u003d240, workload\u003dbaselinesv2/cql_keyvalue2, alias\u003dmain, cycles\u003d100K, stride\u003d10, tags\u003dblock:\"main.*\", labels\u003dworkload:cql_keyvalue2,scenario:default}"}}
2023-12-10 20:17:04,141 [ProgressIndicator/console:10s] INFO : schema (pending,current,complete)=(0,0,2) 100.00% (last report)
2023-12-10 20:17:04,142 [ProgressIndicator/console:10s] INFO : rampup (pending,current,complete)=(0,0,100000) 100.00% (last report)
2023-12-10 20:17:04,142 [ProgressIndicator/console:10s] INFO : main (pending,current,complete)=(83282,239,16718) 16.72%
2023-12-10 20:17:07,009 [] INFO : {"layer":"Activity","start":1702239423813,"end":1702239427009,"details":{"event":"stop-activity","params":"ActivityDef:(12)/{localdc\u003ddatacenter1, driver\u003dcql, host\u003dlocalhost, threads\u003d240, workload\u003dbaselinesv2/cql_keyvalue2, alias\u003dmain, cycles\u003d100K, stride\u003d10, tags\u003dblock:\"main.*\", labels\u003dworkload:cql_keyvalue2,scenario:default}"}}
2023-12-10 20:17:07,226 [main] INFO : ExecutionResult{status=OK, startedAt=1702239414149, endedAt=1702239427219, exception=null, iolog=''}
