2023-12-10 21:08:18,136 [main] INFO : Configured scenario log at logs/nMkyOhf.log
2023-12-10 21:08:18,139 [main] INFO : Running NoSQLBench Version 5.21.1-SNAPSHOT
2023-12-10 21:08:18,139 [main] INFO : command-line: --list-workloads
2023-12-10 21:08:18,814 [main] INFO : client-hardware: {"memory-GiB":"62.73","sockets":"1","logical-cores":"24","max-frequency-ghz":"0.00","physical-cores":"12","if-speeds":["0Mib","1Gib"],"heap-max-GiB":"15.68","processor-name":"AMD Ryzen 9 3900X 12-Core Processor"}
2023-12-10 21:08:19,005 [main] INFO : workload URI: 'jar:file:///tmp/.mount_nb5tbHHKO/usr/bin/nb5.jar!/activities/pinecone-query.yaml'
2023-12-10 21:08:19,031 [main] INFO : workload URI: 'jar:file:///tmp/.mount_nb5tbHHKO/usr/bin/nb5.jar!/activities/pinecone-delete.yaml'
2023-12-10 21:08:19,037 [main] INFO : workload URI: 'jar:file:///tmp/.mount_nb5tbHHKO/usr/bin/nb5.jar!/activities/pinecone-upsert.yaml'
2023-12-10 21:08:19,045 [main] INFO : workload URI: 'jar:file:///tmp/.mount_nb5tbHHKO/usr/bin/nb5.jar!/activities/pinecone-stats.yaml'
2023-12-10 21:08:19,050 [main] INFO : workload URI: 'jar:file:///tmp/.mount_nb5tbHHKO/usr/bin/nb5.jar!/activities/pinecone-query-multiple.yaml'
2023-12-10 21:08:19,057 [main] INFO : workload URI: 'jar:file:///tmp/.mount_nb5tbHHKO/usr/bin/nb5.jar!/activities/pinecone-fetch.yaml'
2023-12-10 21:08:19,063 [main] INFO : workload URI: 'jar:file:///tmp/.mount_nb5tbHHKO/usr/bin/nb5.jar!/activities/pinecone-upsert-scenario.yaml'
2023-12-10 21:08:19,070 [main] INFO : workload URI: 'jar:file:///tmp/.mount_nb5tbHHKO/usr/bin/nb5.jar!/activities/pinecone-verify.yaml'
2023-12-10 21:08:19,078 [main] INFO : workload URI: 'jar:file:///tmp/.mount_nb5tbHHKO/usr/bin/nb5.jar!/activities/pinecone-query-all.yaml'
2023-12-10 21:08:19,087 [main] INFO : workload URI: 'jar:file:///tmp/.mount_nb5tbHHKO/usr/bin/nb5.jar!/activities/mongodb-search-basic.yaml'
2023-12-10 21:08:19,100 [main] INFO : workload URI: 'jar:file:///tmp/.mount_nb5tbHHKO/usr/bin/nb5.jar!/activities/mongodb-crud-basic.yaml'
2023-12-10 21:08:19,105 [main] INFO : workload URI: 'jar:file:///tmp/.mount_nb5tbHHKO/usr/bin/nb5.jar!/activities/mongodb-basic.yaml'
2023-12-10 21:08:19,109 [main] INFO : workload URI: 'jar:file:///tmp/.mount_nb5tbHHKO/usr/bin/nb5.jar!/activities/mongodb-basic-uuid.yaml'
2023-12-10 21:08:19,113 [main] INFO : workload URI: 'jar:file:///tmp/.mount_nb5tbHHKO/usr/bin/nb5.jar!/activities/mongodb-crud-dataset.yaml'
2023-12-10 21:08:19,119 [main] INFO : workload URI: 'jar:file:///tmp/.mount_nb5tbHHKO/usr/bin/nb5.jar!/activities/documents-api/http-docsapi-crud-dataset.yaml'
2023-12-10 21:08:19,125 [main] INFO : workload URI: 'jar:file:///tmp/.mount_nb5tbHHKO/usr/bin/nb5.jar!/activities/documents-api/http-docsapi-search-basic.yaml'
2023-12-10 21:08:19,133 [main] INFO : workload URI: 'jar:file:///tmp/.mount_nb5tbHHKO/usr/bin/nb5.jar!/activities/documents-api/http-docsapi-crud-basic.yaml'
2023-12-10 21:08:19,140 [main] INFO : workload URI: 'jar:file:///tmp/.mount_nb5tbHHKO/usr/bin/nb5.jar!/activities/documents-api/http-docsapi-search-advanced.yaml'
2023-12-10 21:08:19,148 [main] INFO : workload URI: 'jar:file:///tmp/.mount_nb5tbHHKO/usr/bin/nb5.jar!/activities/documents-api/http-docsapi-keyvalue.yaml'
2023-12-10 21:08:19,153 [main] INFO : workload URI: 'jar:file:///tmp/.mount_nb5tbHHKO/usr/bin/nb5.jar!/activities/graphql-schema-first/http-graphql-timeseries.yaml'
2023-12-10 21:08:19,158 [main] INFO : workload URI: 'jar:file:///tmp/.mount_nb5tbHHKO/usr/bin/nb5.jar!/activities/graphql-schema-first/http-graphql-tabular.yaml'
2023-12-10 21:08:19,162 [main] INFO : workload URI: 'jar:file:///tmp/.mount_nb5tbHHKO/usr/bin/nb5.jar!/activities/graphql-schema-first/http-graphql-keyvalue.yaml'
2023-12-10 21:08:19,166 [main] INFO : workload URI: 'jar:file:///tmp/.mount_nb5tbHHKO/usr/bin/nb5.jar!/activities/graphql-cql-first/http-graphql-cql-tabular.yaml'
2023-12-10 21:08:19,170 [main] INFO : workload URI: 'jar:file:///tmp/.mount_nb5tbHHKO/usr/bin/nb5.jar!/activities/graphql-cql-first/http-graphql-cql-timeseries.yaml'
2023-12-10 21:08:19,175 [main] INFO : workload URI: 'jar:file:///tmp/.mount_nb5tbHHKO/usr/bin/nb5.jar!/activities/graphql-cql-first/http-graphql-cql-keyvalue.yaml'
2023-12-10 21:08:19,179 [main] INFO : workload URI: 'jar:file:///tmp/.mount_nb5tbHHKO/usr/bin/nb5.jar!/activities/baselines/http-rest-timeseries.yaml'
2023-12-10 21:08:19,183 [main] INFO : workload URI: 'jar:file:///tmp/.mount_nb5tbHHKO/usr/bin/nb5.jar!/activities/baselines/http-rest-tabular.yaml'
2023-12-10 21:08:19,187 [main] INFO : workload URI: 'jar:file:///tmp/.mount_nb5tbHHKO/usr/bin/nb5.jar!/activities/baselines/http-rest-keyvalue.yaml'
2023-12-10 21:08:19,190 [main] INFO : workload URI: 'jar:file:///tmp/.mount_nb5tbHHKO/usr/bin/nb5.jar!/activities/baselines/http-rest-starter.yaml'
2023-12-10 21:08:19,195 [main] INFO : workload URI: 'jar:file:///tmp/.mount_nb5tbHHKO/usr/bin/nb5.jar!/activities/baselines/cql_vector_typed.yaml'
2023-12-10 21:08:19,198 [main] INFO : workload URI: 'jar:file:///tmp/.mount_nb5tbHHKO/usr/bin/nb5.jar!/activities/baselines/cql_vector.yaml'
2023-12-10 21:08:19,202 [main] INFO : workload URI: 'jar:file:///tmp/.mount_nb5tbHHKO/usr/bin/nb5.jar!/activities/baselines/cql_starter.yaml'
2023-12-10 21:08:19,206 [main] INFO : workload URI: 'jar:file:///tmp/.mount_nb5tbHHKO/usr/bin/nb5.jar!/activities/baselines/astra_vectors_live.yaml'
2023-12-10 21:08:19,211 [main] INFO : workload URI: 'jar:file:///tmp/.mount_nb5tbHHKO/usr/bin/nb5.jar!/activities/baselines/cql_iot.yaml'
2023-12-10 21:08:19,215 [main] INFO : workload URI: 'jar:file:///tmp/.mount_nb5tbHHKO/usr/bin/nb5.jar!/activities/baselines/incremental.yaml'
2023-12-10 21:08:19,218 [main] INFO : workload URI: 'jar:file:///tmp/.mount_nb5tbHHKO/usr/bin/nb5.jar!/activities/baselines/cql_keyvalue.yaml'
2023-12-10 21:08:19,222 [main] INFO : workload URI: 'jar:file:///tmp/.mount_nb5tbHHKO/usr/bin/nb5.jar!/activities/baselines/cql_iot_dse.yaml'
2023-12-10 21:08:19,225 [main] INFO : workload URI: 'jar:file:///tmp/.mount_nb5tbHHKO/usr/bin/nb5.jar!/activities/baselines/cql_tabular.yaml'
2023-12-10 21:08:19,229 [main] INFO : workload URI: 'jar:file:///tmp/.mount_nb5tbHHKO/usr/bin/nb5.jar!/activities/baselines/graph_wheels.yaml'
2023-12-10 21:08:19,233 [main] INFO : workload URI: 'jar:file:///tmp/.mount_nb5tbHHKO/usr/bin/nb5.jar!/activities/examples/cql-rowops.yaml'
2023-12-10 21:08:19,236 [main] INFO : workload URI: 'jar:file:///tmp/.mount_nb5tbHHKO/usr/bin/nb5.jar!/activities/examples/diag-gauge.yaml'
2023-12-10 21:08:19,240 [main] INFO : workload URI: 'jar:file:///tmp/.mount_nb5tbHHKO/usr/bin/nb5.jar!/activities/examples/bindings/cqlvectors.yaml'
2023-12-10 21:08:19,243 [main] INFO : workload URI: 'jar:file:///tmp/.mount_nb5tbHHKO/usr/bin/nb5.jar!/activities/examples/bindings/text.yaml'
2023-12-10 21:08:19,246 [main] INFO : workload URI: 'jar:file:///tmp/.mount_nb5tbHHKO/usr/bin/nb5.jar!/activities/examples/bindings/cqltypes.yaml'
2023-12-10 21:08:19,250 [main] INFO : workload URI: 'jar:file:///tmp/.mount_nb5tbHHKO/usr/bin/nb5.jar!/activities/examples/bindings/date.yaml'
2023-12-10 21:08:19,253 [main] INFO : workload URI: 'jar:file:///tmp/.mount_nb5tbHHKO/usr/bin/nb5.jar!/activities/examples/bindings/expr.yaml'
2023-12-10 21:08:19,256 [main] INFO : workload URI: 'jar:file:///tmp/.mount_nb5tbHHKO/usr/bin/nb5.jar!/activities/examples/bindings/timestamp.yaml'
2023-12-10 21:08:19,259 [main] INFO : workload URI: 'jar:file:///tmp/.mount_nb5tbHHKO/usr/bin/nb5.jar!/activities/examples/bindings/uuid.yaml'
2023-12-10 21:08:19,262 [main] INFO : workload URI: 'jar:file:///tmp/.mount_nb5tbHHKO/usr/bin/nb5.jar!/activities/examples/bindings/timeuuid.yaml'
2023-12-10 21:08:19,266 [main] INFO : workload URI: 'jar:file:///tmp/.mount_nb5tbHHKO/usr/bin/nb5.jar!/activities/baselinesv2/http_elastic_vector.yaml'
2023-12-10 21:08:19,271 [main] INFO : workload URI: 'jar:file:///tmp/.mount_nb5tbHHKO/usr/bin/nb5.jar!/activities/baselinesv2/cql_keyvalue2_bulky.yaml'
2023-12-10 21:08:19,276 [main] INFO : workload URI: 'jar:file:///tmp/.mount_nb5tbHHKO/usr/bin/nb5.jar!/activities/baselinesv2/cql_tabular2.yaml'
2023-12-10 21:08:19,281 [main] INFO : workload URI: 'jar:file:///tmp/.mount_nb5tbHHKO/usr/bin/nb5.jar!/activities/baselinesv2/cql_timeseries2.yaml'
2023-12-10 21:08:19,285 [main] INFO : workload URI: 'jar:file:///tmp/.mount_nb5tbHHKO/usr/bin/nb5.jar!/activities/baselinesv2/cql_keyvalue2.yaml'
2023-12-10 21:08:19,289 [main] INFO : workload URI: 'jar:file:///tmp/.mount_nb5tbHHKO/usr/bin/nb5.jar!/activities/baselinesv2/cql_vector2_fvec.yaml'
2023-12-10 21:08:19,293 [main] INFO : workload URI: 'jar:file:///tmp/.mount_nb5tbHHKO/usr/bin/nb5.jar!/activities/baselinesv2/cql_vector2.yaml'
2023-12-10 21:08:19,299 [main] INFO : workload URI: 'jar:file:///tmp/.mount_nb5tbHHKO/usr/bin/nb5.jar!/activities/baselinesv2/dynamodb-timeseries2.yaml'
2023-12-10 21:08:19,303 [main] INFO : workload URI: 'jar:file:///tmp/.mount_nb5tbHHKO/usr/bin/nb5.jar!/activities/baselinesv2/dynamodb-keyvalue2.yaml'
2023-12-10 21:08:19,306 [main] INFO : workload URI: 'jar:file:///tmp/.mount_nb5tbHHKO/usr/bin/nb5.jar!/activities/baselinesv2/dynamodb-tabular2.yaml'
2023-12-10 21:08:19,310 [main] INFO : workload URI: 'jar:file:///tmp/.mount_nb5tbHHKO/usr/bin/nb5.jar!/activities/baselinesv2/mongodb-keyvalue2.yaml'
2023-12-10 21:08:19,314 [main] INFO : workload URI: 'jar:file:///tmp/.mount_nb5tbHHKO/usr/bin/nb5.jar!/activities/baselinesv2/mongodb_vector_search.yaml'
2023-12-10 21:08:19,319 [main] INFO : workload URI: 'jar:file:///tmp/.mount_nb5tbHHKO/usr/bin/nb5.jar!/activities/baselinesv2/mongodb-timeseries2.yaml'
2023-12-10 21:08:19,324 [main] INFO : workload URI: 'jar:file:///tmp/.mount_nb5tbHHKO/usr/bin/nb5.jar!/activities/baselinesv2/mongodb-tabular2.yaml'
