2023-12-10 21:06:16,480 [main] INFO : Configured scenario log at logs/nMkykAu.log
2023-12-10 21:06:16,483 [main] INFO : Running NoSQLBench Version 5.21.1-SNAPSHOT
2023-12-10 21:06:16,484 [main] INFO : command-line: --list-workloads
2023-12-10 21:06:17,174 [main] INFO : client-hardware: {"processor-name":"AMD Ryzen 9 3900X 12-Core Processor","memory-GiB":"62.73","sockets":"1","logical-cores":"24","max-frequency-ghz":"0.00","physical-cores":"12","if-speeds":["0Mib","1Gib"],"heap-max-GiB":"15.68"}
2023-12-10 21:06:17,381 [main] INFO : workload URI: 'jar:file:///tmp/.mount_nb52hQfXQ/usr/bin/nb5.jar!/activities/pinecone-query.yaml'
2023-12-10 21:06:17,409 [main] INFO : workload URI: 'jar:file:///tmp/.mount_nb52hQfXQ/usr/bin/nb5.jar!/activities/pinecone-delete.yaml'
2023-12-10 21:06:17,415 [main] INFO : workload URI: 'jar:file:///tmp/.mount_nb52hQfXQ/usr/bin/nb5.jar!/activities/pinecone-upsert.yaml'
2023-12-10 21:06:17,423 [main] INFO : workload URI: 'jar:file:///tmp/.mount_nb52hQfXQ/usr/bin/nb5.jar!/activities/pinecone-stats.yaml'
2023-12-10 21:06:17,428 [main] INFO : workload URI: 'jar:file:///tmp/.mount_nb52hQfXQ/usr/bin/nb5.jar!/activities/pinecone-query-multiple.yaml'
2023-12-10 21:06:17,435 [main] INFO : workload URI: 'jar:file:///tmp/.mount_nb52hQfXQ/usr/bin/nb5.jar!/activities/pinecone-fetch.yaml'
2023-12-10 21:06:17,440 [main] INFO : workload URI: 'jar:file:///tmp/.mount_nb52hQfXQ/usr/bin/nb5.jar!/activities/pinecone-upsert-scenario.yaml'
2023-12-10 21:06:17,446 [main] INFO : workload URI: 'jar:file:///tmp/.mount_nb52hQfXQ/usr/bin/nb5.jar!/activities/pinecone-verify.yaml'
2023-12-10 21:06:17,451 [main] INFO : workload URI: 'jar:file:///tmp/.mount_nb52hQfXQ/usr/bin/nb5.jar!/activities/pinecone-query-all.yaml'
2023-12-10 21:06:17,459 [main] INFO : workload URI: 'jar:file:///tmp/.mount_nb52hQfXQ/usr/bin/nb5.jar!/activities/mongodb-search-basic.yaml'
2023-12-10 21:06:17,473 [main] INFO : workload URI: 'jar:file:///tmp/.mount_nb52hQfXQ/usr/bin/nb5.jar!/activities/mongodb-crud-basic.yaml'
2023-12-10 21:06:17,478 [main] INFO : workload URI: 'jar:file:///tmp/.mount_nb52hQfXQ/usr/bin/nb5.jar!/activities/mongodb-basic.yaml'
2023-12-10 21:06:17,482 [main] INFO : workload URI: 'jar:file:///tmp/.mount_nb52hQfXQ/usr/bin/nb5.jar!/activities/mongodb-basic-uuid.yaml'
2023-12-10 21:06:17,487 [main] INFO : workload URI: 'jar:file:///tmp/.mount_nb52hQfXQ/usr/bin/nb5.jar!/activities/mongodb-crud-dataset.yaml'
2023-12-10 21:06:17,493 [main] INFO : workload URI: 'jar:file:///tmp/.mount_nb52hQfXQ/usr/bin/nb5.jar!/activities/documents-api/http-docsapi-crud-dataset.yaml'
2023-12-10 21:06:17,500 [main] INFO : workload URI: 'jar:file:///tmp/.mount_nb52hQfXQ/usr/bin/nb5.jar!/activities/documents-api/http-docsapi-search-basic.yaml'
2023-12-10 21:06:17,508 [main] INFO : workload URI: 'jar:file:///tmp/.mount_nb52hQfXQ/usr/bin/nb5.jar!/activities/documents-api/http-docsapi-crud-basic.yaml'
2023-12-10 21:06:17,514 [main] INFO : workload URI: 'jar:file:///tmp/.mount_nb52hQfXQ/usr/bin/nb5.jar!/activities/documents-api/http-docsapi-search-advanced.yaml'
2023-12-10 21:06:17,523 [main] INFO : workload URI: 'jar:file:///tmp/.mount_nb52hQfXQ/usr/bin/nb5.jar!/activities/documents-api/http-docsapi-keyvalue.yaml'
2023-12-10 21:06:17,528 [main] INFO : workload URI: 'jar:file:///tmp/.mount_nb52hQfXQ/usr/bin/nb5.jar!/activities/graphql-schema-first/http-graphql-timeseries.yaml'
2023-12-10 21:06:17,533 [main] INFO : workload URI: 'jar:file:///tmp/.mount_nb52hQfXQ/usr/bin/nb5.jar!/activities/graphql-schema-first/http-graphql-tabular.yaml'
2023-12-10 21:06:17,538 [main] INFO : workload URI: 'jar:file:///tmp/.mount_nb52hQfXQ/usr/bin/nb5.jar!/activities/graphql-schema-first/http-graphql-keyvalue.yaml'
2023-12-10 21:06:17,542 [main] INFO : workload URI: 'jar:file:///tmp/.mount_nb52hQfXQ/usr/bin/nb5.jar!/activities/graphql-cql-first/http-graphql-cql-tabular.yaml'
2023-12-10 21:06:17,547 [main] INFO : workload URI: 'jar:file:///tmp/.mount_nb52hQfXQ/usr/bin/nb5.jar!/activities/graphql-cql-first/http-graphql-cql-timeseries.yaml'
2023-12-10 21:06:17,551 [main] INFO : workload URI: 'jar:file:///tmp/.mount_nb52hQfXQ/usr/bin/nb5.jar!/activities/graphql-cql-first/http-graphql-cql-keyvalue.yaml'
2023-12-10 21:06:17,555 [main] INFO : workload URI: 'jar:file:///tmp/.mount_nb52hQfXQ/usr/bin/nb5.jar!/activities/baselines/http-rest-timeseries.yaml'
2023-12-10 21:06:17,559 [main] INFO : workload URI: 'jar:file:///tmp/.mount_nb52hQfXQ/usr/bin/nb5.jar!/activities/baselines/http-rest-tabular.yaml'
2023-12-10 21:06:17,563 [main] INFO : workload URI: 'jar:file:///tmp/.mount_nb52hQfXQ/usr/bin/nb5.jar!/activities/baselines/http-rest-keyvalue.yaml'
2023-12-10 21:06:17,567 [main] INFO : workload URI: 'jar:file:///tmp/.mount_nb52hQfXQ/usr/bin/nb5.jar!/activities/baselines/http-rest-starter.yaml'
2023-12-10 21:06:17,571 [main] INFO : workload URI: 'jar:file:///tmp/.mount_nb52hQfXQ/usr/bin/nb5.jar!/activities/baselines/cql_vector_typed.yaml'
2023-12-10 21:06:17,574 [main] INFO : workload URI: 'jar:file:///tmp/.mount_nb52hQfXQ/usr/bin/nb5.jar!/activities/baselines/cql_vector.yaml'
2023-12-10 21:06:17,578 [main] INFO : workload URI: 'jar:file:///tmp/.mount_nb52hQfXQ/usr/bin/nb5.jar!/activities/baselines/cql_starter.yaml'
2023-12-10 21:06:17,582 [main] INFO : workload URI: 'jar:file:///tmp/.mount_nb52hQfXQ/usr/bin/nb5.jar!/activities/baselines/astra_vectors_live.yaml'
2023-12-10 21:06:17,587 [main] INFO : workload URI: 'jar:file:///tmp/.mount_nb52hQfXQ/usr/bin/nb5.jar!/activities/baselines/cql_iot.yaml'
2023-12-10 21:06:17,591 [main] INFO : workload URI: 'jar:file:///tmp/.mount_nb52hQfXQ/usr/bin/nb5.jar!/activities/baselines/incremental.yaml'
2023-12-10 21:06:17,594 [main] INFO : workload URI: 'jar:file:///tmp/.mount_nb52hQfXQ/usr/bin/nb5.jar!/activities/baselines/cql_keyvalue.yaml'
2023-12-10 21:06:17,597 [main] INFO : workload URI: 'jar:file:///tmp/.mount_nb52hQfXQ/usr/bin/nb5.jar!/activities/baselines/cql_iot_dse.yaml'
2023-12-10 21:06:17,601 [main] INFO : workload URI: 'jar:file:///tmp/.mount_nb52hQfXQ/usr/bin/nb5.jar!/activities/baselines/cql_tabular.yaml'
2023-12-10 21:06:17,604 [main] INFO : workload URI: 'jar:file:///tmp/.mount_nb52hQfXQ/usr/bin/nb5.jar!/activities/baselines/graph_wheels.yaml'
2023-12-10 21:06:17,608 [main] INFO : workload URI: 'jar:file:///tmp/.mount_nb52hQfXQ/usr/bin/nb5.jar!/activities/examples/cql-rowops.yaml'
2023-12-10 21:06:17,612 [main] INFO : workload URI: 'jar:file:///tmp/.mount_nb52hQfXQ/usr/bin/nb5.jar!/activities/examples/diag-gauge.yaml'
2023-12-10 21:06:17,615 [main] INFO : workload URI: 'jar:file:///tmp/.mount_nb52hQfXQ/usr/bin/nb5.jar!/activities/examples/bindings/cqlvectors.yaml'
2023-12-10 21:06:17,618 [main] INFO : workload URI: 'jar:file:///tmp/.mount_nb52hQfXQ/usr/bin/nb5.jar!/activities/examples/bindings/text.yaml'
2023-12-10 21:06:17,621 [main] INFO : workload URI: 'jar:file:///tmp/.mount_nb52hQfXQ/usr/bin/nb5.jar!/activities/examples/bindings/cqltypes.yaml'
2023-12-10 21:06:17,624 [main] INFO : workload URI: 'jar:file:///tmp/.mount_nb52hQfXQ/usr/bin/nb5.jar!/activities/examples/bindings/date.yaml'
2023-12-10 21:06:17,626 [main] INFO : workload URI: 'jar:file:///tmp/.mount_nb52hQfXQ/usr/bin/nb5.jar!/activities/examples/bindings/expr.yaml'
2023-12-10 21:06:17,629 [main] INFO : workload URI: 'jar:file:///tmp/.mount_nb52hQfXQ/usr/bin/nb5.jar!/activities/examples/bindings/timestamp.yaml'
2023-12-10 21:06:17,631 [main] INFO : workload URI: 'jar:file:///tmp/.mount_nb52hQfXQ/usr/bin/nb5.jar!/activities/examples/bindings/uuid.yaml'
2023-12-10 21:06:17,634 [main] INFO : workload URI: 'jar:file:///tmp/.mount_nb52hQfXQ/usr/bin/nb5.jar!/activities/examples/bindings/timeuuid.yaml'
2023-12-10 21:06:17,638 [main] INFO : workload URI: 'jar:file:///tmp/.mount_nb52hQfXQ/usr/bin/nb5.jar!/activities/baselinesv2/http_elastic_vector.yaml'
2023-12-10 21:06:17,643 [main] INFO : workload URI: 'jar:file:///tmp/.mount_nb52hQfXQ/usr/bin/nb5.jar!/activities/baselinesv2/cql_keyvalue2_bulky.yaml'
2023-12-10 21:06:17,648 [main] INFO : workload URI: 'jar:file:///tmp/.mount_nb52hQfXQ/usr/bin/nb5.jar!/activities/baselinesv2/cql_tabular2.yaml'
2023-12-10 21:06:17,652 [main] INFO : workload URI: 'jar:file:///tmp/.mount_nb52hQfXQ/usr/bin/nb5.jar!/activities/baselinesv2/cql_timeseries2.yaml'
2023-12-10 21:06:17,656 [main] INFO : workload URI: 'jar:file:///tmp/.mount_nb52hQfXQ/usr/bin/nb5.jar!/activities/baselinesv2/cql_keyvalue2.yaml'
2023-12-10 21:06:17,660 [main] INFO : workload URI: 'jar:file:///tmp/.mount_nb52hQfXQ/usr/bin/nb5.jar!/activities/baselinesv2/cql_vector2_fvec.yaml'
2023-12-10 21:06:17,665 [main] INFO : workload URI: 'jar:file:///tmp/.mount_nb52hQfXQ/usr/bin/nb5.jar!/activities/baselinesv2/cql_vector2.yaml'
2023-12-10 21:06:17,669 [main] INFO : workload URI: 'jar:file:///tmp/.mount_nb52hQfXQ/usr/bin/nb5.jar!/activities/baselinesv2/dynamodb-timeseries2.yaml'
2023-12-10 21:06:17,673 [main] INFO : workload URI: 'jar:file:///tmp/.mount_nb52hQfXQ/usr/bin/nb5.jar!/activities/baselinesv2/dynamodb-keyvalue2.yaml'
2023-12-10 21:06:17,676 [main] INFO : workload URI: 'jar:file:///tmp/.mount_nb52hQfXQ/usr/bin/nb5.jar!/activities/baselinesv2/dynamodb-tabular2.yaml'
2023-12-10 21:06:17,680 [main] INFO : workload URI: 'jar:file:///tmp/.mount_nb52hQfXQ/usr/bin/nb5.jar!/activities/baselinesv2/mongodb-keyvalue2.yaml'
2023-12-10 21:06:17,685 [main] INFO : workload URI: 'jar:file:///tmp/.mount_nb52hQfXQ/usr/bin/nb5.jar!/activities/baselinesv2/mongodb_vector_search.yaml'
2023-12-10 21:06:17,689 [main] INFO : workload URI: 'jar:file:///tmp/.mount_nb52hQfXQ/usr/bin/nb5.jar!/activities/baselinesv2/mongodb-timeseries2.yaml'
2023-12-10 21:06:17,694 [main] INFO : workload URI: 'jar:file:///tmp/.mount_nb52hQfXQ/usr/bin/nb5.jar!/activities/baselinesv2/mongodb-tabular2.yaml'
