2023-12-10 21:05:17,633 [main] INFO : Configured scenario log at logs/nMky7dZ.log
2023-12-10 21:05:17,636 [main] INFO : Running NoSQLBench Version 5.21.1-SNAPSHOT
2023-12-10 21:05:17,636 [main] INFO : command-line: --list-workloads
2023-12-10 21:05:18,296 [main] INFO : client-hardware: {"if-speeds":["0Mib","1Gib"],"physical-cores":"12","max-frequency-ghz":"0.00","logical-cores":"24","sockets":"1","memory-GiB":"62.73","processor-name":"AMD Ryzen 9 3900X 12-Core Processor","heap-max-GiB":"15.68"}
2023-12-10 21:05:18,534 [main] INFO : workload URI: 'jar:file:///tmp/.mount_nb53NTZpf/usr/bin/nb5.jar!/activities/pinecone-query.yaml'
2023-12-10 21:05:18,561 [main] INFO : workload URI: 'jar:file:///tmp/.mount_nb53NTZpf/usr/bin/nb5.jar!/activities/pinecone-delete.yaml'
2023-12-10 21:05:18,567 [main] INFO : workload URI: 'jar:file:///tmp/.mount_nb53NTZpf/usr/bin/nb5.jar!/activities/pinecone-upsert.yaml'
2023-12-10 21:05:18,575 [main] INFO : workload URI: 'jar:file:///tmp/.mount_nb53NTZpf/usr/bin/nb5.jar!/activities/pinecone-stats.yaml'
2023-12-10 21:05:18,580 [main] INFO : workload URI: 'jar:file:///tmp/.mount_nb53NTZpf/usr/bin/nb5.jar!/activities/pinecone-query-multiple.yaml'
2023-12-10 21:05:18,589 [main] INFO : workload URI: 'jar:file:///tmp/.mount_nb53NTZpf/usr/bin/nb5.jar!/activities/pinecone-fetch.yaml'
2023-12-10 21:05:18,595 [main] INFO : workload URI: 'jar:file:///tmp/.mount_nb53NTZpf/usr/bin/nb5.jar!/activities/pinecone-upsert-scenario.yaml'
2023-12-10 21:05:18,600 [main] INFO : workload URI: 'jar:file:///tmp/.mount_nb53NTZpf/usr/bin/nb5.jar!/activities/pinecone-verify.yaml'
2023-12-10 21:05:18,606 [main] INFO : workload URI: 'jar:file:///tmp/.mount_nb53NTZpf/usr/bin/nb5.jar!/activities/pinecone-query-all.yaml'
2023-12-10 21:05:18,615 [main] INFO : workload URI: 'jar:file:///tmp/.mount_nb53NTZpf/usr/bin/nb5.jar!/activities/mongodb-search-basic.yaml'
2023-12-10 21:05:18,627 [main] INFO : workload URI: 'jar:file:///tmp/.mount_nb53NTZpf/usr/bin/nb5.jar!/activities/mongodb-crud-basic.yaml'
2023-12-10 21:05:18,634 [main] INFO : workload URI: 'jar:file:///tmp/.mount_nb53NTZpf/usr/bin/nb5.jar!/activities/mongodb-basic.yaml'
2023-12-10 21:05:18,638 [main] INFO : workload URI: 'jar:file:///tmp/.mount_nb53NTZpf/usr/bin/nb5.jar!/activities/mongodb-basic-uuid.yaml'
2023-12-10 21:05:18,642 [main] INFO : workload URI: 'jar:file:///tmp/.mount_nb53NTZpf/usr/bin/nb5.jar!/activities/mongodb-crud-dataset.yaml'
2023-12-10 21:05:18,647 [main] INFO : workload URI: 'jar:file:///tmp/.mount_nb53NTZpf/usr/bin/nb5.jar!/activities/documents-api/http-docsapi-crud-dataset.yaml'
2023-12-10 21:05:18,654 [main] INFO : workload URI: 'jar:file:///tmp/.mount_nb53NTZpf/usr/bin/nb5.jar!/activities/documents-api/http-docsapi-search-basic.yaml'
2023-12-10 21:05:18,662 [main] INFO : workload URI: 'jar:file:///tmp/.mount_nb53NTZpf/usr/bin/nb5.jar!/activities/documents-api/http-docsapi-crud-basic.yaml'
2023-12-10 21:05:18,669 [main] INFO : workload URI: 'jar:file:///tmp/.mount_nb53NTZpf/usr/bin/nb5.jar!/activities/documents-api/http-docsapi-search-advanced.yaml'
2023-12-10 21:05:18,678 [main] INFO : workload URI: 'jar:file:///tmp/.mount_nb53NTZpf/usr/bin/nb5.jar!/activities/documents-api/http-docsapi-keyvalue.yaml'
2023-12-10 21:05:18,684 [main] INFO : workload URI: 'jar:file:///tmp/.mount_nb53NTZpf/usr/bin/nb5.jar!/activities/graphql-schema-first/http-graphql-timeseries.yaml'
2023-12-10 21:05:18,689 [main] INFO : workload URI: 'jar:file:///tmp/.mount_nb53NTZpf/usr/bin/nb5.jar!/activities/graphql-schema-first/http-graphql-tabular.yaml'
2023-12-10 21:05:18,694 [main] INFO : workload URI: 'jar:file:///tmp/.mount_nb53NTZpf/usr/bin/nb5.jar!/activities/graphql-schema-first/http-graphql-keyvalue.yaml'
2023-12-10 21:05:18,699 [main] INFO : workload URI: 'jar:file:///tmp/.mount_nb53NTZpf/usr/bin/nb5.jar!/activities/graphql-cql-first/http-graphql-cql-tabular.yaml'
2023-12-10 21:05:18,703 [main] INFO : workload URI: 'jar:file:///tmp/.mount_nb53NTZpf/usr/bin/nb5.jar!/activities/graphql-cql-first/http-graphql-cql-timeseries.yaml'
2023-12-10 21:05:18,708 [main] INFO : workload URI: 'jar:file:///tmp/.mount_nb53NTZpf/usr/bin/nb5.jar!/activities/graphql-cql-first/http-graphql-cql-keyvalue.yaml'
2023-12-10 21:05:18,712 [main] INFO : workload URI: 'jar:file:///tmp/.mount_nb53NTZpf/usr/bin/nb5.jar!/activities/baselines/http-rest-timeseries.yaml'
2023-12-10 21:05:18,716 [main] INFO : workload URI: 'jar:file:///tmp/.mount_nb53NTZpf/usr/bin/nb5.jar!/activities/baselines/http-rest-tabular.yaml'
2023-12-10 21:05:18,720 [main] INFO : workload URI: 'jar:file:///tmp/.mount_nb53NTZpf/usr/bin/nb5.jar!/activities/baselines/http-rest-keyvalue.yaml'
2023-12-10 21:05:18,723 [main] INFO : workload URI: 'jar:file:///tmp/.mount_nb53NTZpf/usr/bin/nb5.jar!/activities/baselines/http-rest-starter.yaml'
2023-12-10 21:05:18,727 [main] INFO : workload URI: 'jar:file:///tmp/.mount_nb53NTZpf/usr/bin/nb5.jar!/activities/baselines/cql_vector_typed.yaml'
2023-12-10 21:05:18,731 [main] INFO : workload URI: 'jar:file:///tmp/.mount_nb53NTZpf/usr/bin/nb5.jar!/activities/baselines/cql_vector.yaml'
2023-12-10 21:05:18,735 [main] INFO : workload URI: 'jar:file:///tmp/.mount_nb53NTZpf/usr/bin/nb5.jar!/activities/baselines/cql_starter.yaml'
2023-12-10 21:05:18,738 [main] INFO : workload URI: 'jar:file:///tmp/.mount_nb53NTZpf/usr/bin/nb5.jar!/activities/baselines/astra_vectors_live.yaml'
2023-12-10 21:05:18,743 [main] INFO : workload URI: 'jar:file:///tmp/.mount_nb53NTZpf/usr/bin/nb5.jar!/activities/baselines/cql_iot.yaml'
2023-12-10 21:05:18,747 [main] INFO : workload URI: 'jar:file:///tmp/.mount_nb53NTZpf/usr/bin/nb5.jar!/activities/baselines/incremental.yaml'
2023-12-10 21:05:18,750 [main] INFO : workload URI: 'jar:file:///tmp/.mount_nb53NTZpf/usr/bin/nb5.jar!/activities/baselines/cql_keyvalue.yaml'
2023-12-10 21:05:18,753 [main] INFO : workload URI: 'jar:file:///tmp/.mount_nb53NTZpf/usr/bin/nb5.jar!/activities/baselines/cql_iot_dse.yaml'
2023-12-10 21:05:18,756 [main] INFO : workload URI: 'jar:file:///tmp/.mount_nb53NTZpf/usr/bin/nb5.jar!/activities/baselines/cql_tabular.yaml'
2023-12-10 21:05:18,760 [main] INFO : workload URI: 'jar:file:///tmp/.mount_nb53NTZpf/usr/bin/nb5.jar!/activities/baselines/graph_wheels.yaml'
2023-12-10 21:05:18,764 [main] INFO : workload URI: 'jar:file:///tmp/.mount_nb53NTZpf/usr/bin/nb5.jar!/activities/examples/cql-rowops.yaml'
2023-12-10 21:05:18,767 [main] INFO : workload URI: 'jar:file:///tmp/.mount_nb53NTZpf/usr/bin/nb5.jar!/activities/examples/diag-gauge.yaml'
2023-12-10 21:05:18,771 [main] INFO : workload URI: 'jar:file:///tmp/.mount_nb53NTZpf/usr/bin/nb5.jar!/activities/examples/bindings/cqlvectors.yaml'
2023-12-10 21:05:18,773 [main] INFO : workload URI: 'jar:file:///tmp/.mount_nb53NTZpf/usr/bin/nb5.jar!/activities/examples/bindings/text.yaml'
2023-12-10 21:05:18,776 [main] INFO : workload URI: 'jar:file:///tmp/.mount_nb53NTZpf/usr/bin/nb5.jar!/activities/examples/bindings/cqltypes.yaml'
2023-12-10 21:05:18,779 [main] INFO : workload URI: 'jar:file:///tmp/.mount_nb53NTZpf/usr/bin/nb5.jar!/activities/examples/bindings/date.yaml'
2023-12-10 21:05:18,781 [main] INFO : workload URI: 'jar:file:///tmp/.mount_nb53NTZpf/usr/bin/nb5.jar!/activities/examples/bindings/expr.yaml'
2023-12-10 21:05:18,784 [main] INFO : workload URI: 'jar:file:///tmp/.mount_nb53NTZpf/usr/bin/nb5.jar!/activities/examples/bindings/timestamp.yaml'
2023-12-10 21:05:18,786 [main] INFO : workload URI: 'jar:file:///tmp/.mount_nb53NTZpf/usr/bin/nb5.jar!/activities/examples/bindings/uuid.yaml'
2023-12-10 21:05:18,789 [main] INFO : workload URI: 'jar:file:///tmp/.mount_nb53NTZpf/usr/bin/nb5.jar!/activities/examples/bindings/timeuuid.yaml'
2023-12-10 21:05:18,792 [main] INFO : workload URI: 'jar:file:///tmp/.mount_nb53NTZpf/usr/bin/nb5.jar!/activities/baselinesv2/http_elastic_vector.yaml'
2023-12-10 21:05:18,797 [main] INFO : workload URI: 'jar:file:///tmp/.mount_nb53NTZpf/usr/bin/nb5.jar!/activities/baselinesv2/cql_keyvalue2_bulky.yaml'
2023-12-10 21:05:18,801 [main] INFO : workload URI: 'jar:file:///tmp/.mount_nb53NTZpf/usr/bin/nb5.jar!/activities/baselinesv2/cql_tabular2.yaml'
2023-12-10 21:05:18,805 [main] INFO : workload URI: 'jar:file:///tmp/.mount_nb53NTZpf/usr/bin/nb5.jar!/activities/baselinesv2/cql_timeseries2.yaml'
2023-12-10 21:05:18,809 [main] INFO : workload URI: 'jar:file:///tmp/.mount_nb53NTZpf/usr/bin/nb5.jar!/activities/baselinesv2/cql_keyvalue2.yaml'
2023-12-10 21:05:18,813 [main] INFO : workload URI: 'jar:file:///tmp/.mount_nb53NTZpf/usr/bin/nb5.jar!/activities/baselinesv2/cql_vector2_fvec.yaml'
2023-12-10 21:05:18,817 [main] INFO : workload URI: 'jar:file:///tmp/.mount_nb53NTZpf/usr/bin/nb5.jar!/activities/baselinesv2/cql_vector2.yaml'
2023-12-10 21:05:18,821 [main] INFO : workload URI: 'jar:file:///tmp/.mount_nb53NTZpf/usr/bin/nb5.jar!/activities/baselinesv2/dynamodb-timeseries2.yaml'
2023-12-10 21:05:18,824 [main] INFO : workload URI: 'jar:file:///tmp/.mount_nb53NTZpf/usr/bin/nb5.jar!/activities/baselinesv2/dynamodb-keyvalue2.yaml'
2023-12-10 21:05:18,828 [main] INFO : workload URI: 'jar:file:///tmp/.mount_nb53NTZpf/usr/bin/nb5.jar!/activities/baselinesv2/dynamodb-tabular2.yaml'
2023-12-10 21:05:18,832 [main] INFO : workload URI: 'jar:file:///tmp/.mount_nb53NTZpf/usr/bin/nb5.jar!/activities/baselinesv2/mongodb-keyvalue2.yaml'
2023-12-10 21:05:18,835 [main] INFO : workload URI: 'jar:file:///tmp/.mount_nb53NTZpf/usr/bin/nb5.jar!/activities/baselinesv2/mongodb_vector_search.yaml'
2023-12-10 21:05:18,840 [main] INFO : workload URI: 'jar:file:///tmp/.mount_nb53NTZpf/usr/bin/nb5.jar!/activities/baselinesv2/mongodb-timeseries2.yaml'
2023-12-10 21:05:18,845 [main] INFO : workload URI: 'jar:file:///tmp/.mount_nb53NTZpf/usr/bin/nb5.jar!/activities/baselinesv2/mongodb-tabular2.yaml'
