2023-12-10 21:05:32,247 [main] INFO : Configured scenario log at logs/nMky0O8.log
2023-12-10 21:05:32,250 [main] INFO : Running NoSQLBench Version 5.21.1-SNAPSHOT
2023-12-10 21:05:32,250 [main] INFO : command-line: --list-workloads
2023-12-10 21:05:32,945 [main] INFO : client-hardware: {"heap-max-GiB":"15.68","processor-name":"AMD Ryzen 9 3900X 12-Core Processor","memory-GiB":"62.73","sockets":"1","logical-cores":"24","max-frequency-ghz":"0.00","physical-cores":"12","if-speeds":["0Mib","1Gib"]}
2023-12-10 21:05:33,134 [main] INFO : workload URI: 'jar:file:///tmp/.mount_nb5fOKJwh/usr/bin/nb5.jar!/activities/pinecone-query.yaml'
2023-12-10 21:05:33,162 [main] INFO : workload URI: 'jar:file:///tmp/.mount_nb5fOKJwh/usr/bin/nb5.jar!/activities/pinecone-delete.yaml'
2023-12-10 21:05:33,168 [main] INFO : workload URI: 'jar:file:///tmp/.mount_nb5fOKJwh/usr/bin/nb5.jar!/activities/pinecone-upsert.yaml'
2023-12-10 21:05:33,176 [main] INFO : workload URI: 'jar:file:///tmp/.mount_nb5fOKJwh/usr/bin/nb5.jar!/activities/pinecone-stats.yaml'
2023-12-10 21:05:33,181 [main] INFO : workload URI: 'jar:file:///tmp/.mount_nb5fOKJwh/usr/bin/nb5.jar!/activities/pinecone-query-multiple.yaml'
2023-12-10 21:05:33,188 [main] INFO : workload URI: 'jar:file:///tmp/.mount_nb5fOKJwh/usr/bin/nb5.jar!/activities/pinecone-fetch.yaml'
2023-12-10 21:05:33,193 [main] INFO : workload URI: 'jar:file:///tmp/.mount_nb5fOKJwh/usr/bin/nb5.jar!/activities/pinecone-upsert-scenario.yaml'
2023-12-10 21:05:33,198 [main] INFO : workload URI: 'jar:file:///tmp/.mount_nb5fOKJwh/usr/bin/nb5.jar!/activities/pinecone-verify.yaml'
2023-12-10 21:05:33,204 [main] INFO : workload URI: 'jar:file:///tmp/.mount_nb5fOKJwh/usr/bin/nb5.jar!/activities/pinecone-query-all.yaml'
2023-12-10 21:05:33,213 [main] INFO : workload URI: 'jar:file:///tmp/.mount_nb5fOKJwh/usr/bin/nb5.jar!/activities/mongodb-search-basic.yaml'
2023-12-10 21:05:33,225 [main] INFO : workload URI: 'jar:file:///tmp/.mount_nb5fOKJwh/usr/bin/nb5.jar!/activities/mongodb-crud-basic.yaml'
2023-12-10 21:05:33,231 [main] INFO : workload URI: 'jar:file:///tmp/.mount_nb5fOKJwh/usr/bin/nb5.jar!/activities/mongodb-basic.yaml'
2023-12-10 21:05:33,235 [main] INFO : workload URI: 'jar:file:///tmp/.mount_nb5fOKJwh/usr/bin/nb5.jar!/activities/mongodb-basic-uuid.yaml'
2023-12-10 21:05:33,240 [main] INFO : workload URI: 'jar:file:///tmp/.mount_nb5fOKJwh/usr/bin/nb5.jar!/activities/mongodb-crud-dataset.yaml'
2023-12-10 21:05:33,245 [main] INFO : workload URI: 'jar:file:///tmp/.mount_nb5fOKJwh/usr/bin/nb5.jar!/activities/documents-api/http-docsapi-crud-dataset.yaml'
2023-12-10 21:05:33,252 [main] INFO : workload URI: 'jar:file:///tmp/.mount_nb5fOKJwh/usr/bin/nb5.jar!/activities/documents-api/http-docsapi-search-basic.yaml'
2023-12-10 21:05:33,260 [main] INFO : workload URI: 'jar:file:///tmp/.mount_nb5fOKJwh/usr/bin/nb5.jar!/activities/documents-api/http-docsapi-crud-basic.yaml'
2023-12-10 21:05:33,267 [main] INFO : workload URI: 'jar:file:///tmp/.mount_nb5fOKJwh/usr/bin/nb5.jar!/activities/documents-api/http-docsapi-search-advanced.yaml'
2023-12-10 21:05:33,276 [main] INFO : workload URI: 'jar:file:///tmp/.mount_nb5fOKJwh/usr/bin/nb5.jar!/activities/documents-api/http-docsapi-keyvalue.yaml'
2023-12-10 21:05:33,281 [main] INFO : workload URI: 'jar:file:///tmp/.mount_nb5fOKJwh/usr/bin/nb5.jar!/activities/graphql-schema-first/http-graphql-timeseries.yaml'
2023-12-10 21:05:33,286 [main] INFO : workload URI: 'jar:file:///tmp/.mount_nb5fOKJwh/usr/bin/nb5.jar!/activities/graphql-schema-first/http-graphql-tabular.yaml'
2023-12-10 21:05:33,291 [main] INFO : workload URI: 'jar:file:///tmp/.mount_nb5fOKJwh/usr/bin/nb5.jar!/activities/graphql-schema-first/http-graphql-keyvalue.yaml'
2023-12-10 21:05:33,295 [main] INFO : workload URI: 'jar:file:///tmp/.mount_nb5fOKJwh/usr/bin/nb5.jar!/activities/graphql-cql-first/http-graphql-cql-tabular.yaml'
2023-12-10 21:05:33,300 [main] INFO : workload URI: 'jar:file:///tmp/.mount_nb5fOKJwh/usr/bin/nb5.jar!/activities/graphql-cql-first/http-graphql-cql-timeseries.yaml'
2023-12-10 21:05:33,305 [main] INFO : workload URI: 'jar:file:///tmp/.mount_nb5fOKJwh/usr/bin/nb5.jar!/activities/graphql-cql-first/http-graphql-cql-keyvalue.yaml'
2023-12-10 21:05:33,309 [main] INFO : workload URI: 'jar:file:///tmp/.mount_nb5fOKJwh/usr/bin/nb5.jar!/activities/baselines/http-rest-timeseries.yaml'
2023-12-10 21:05:33,314 [main] INFO : workload URI: 'jar:file:///tmp/.mount_nb5fOKJwh/usr/bin/nb5.jar!/activities/baselines/http-rest-tabular.yaml'
2023-12-10 21:05:33,318 [main] INFO : workload URI: 'jar:file:///tmp/.mount_nb5fOKJwh/usr/bin/nb5.jar!/activities/baselines/http-rest-keyvalue.yaml'
2023-12-10 21:05:33,323 [main] INFO : workload URI: 'jar:file:///tmp/.mount_nb5fOKJwh/usr/bin/nb5.jar!/activities/baselines/http-rest-starter.yaml'
2023-12-10 21:05:33,328 [main] INFO : workload URI: 'jar:file:///tmp/.mount_nb5fOKJwh/usr/bin/nb5.jar!/activities/baselines/cql_vector_typed.yaml'
2023-12-10 21:05:33,332 [main] INFO : workload URI: 'jar:file:///tmp/.mount_nb5fOKJwh/usr/bin/nb5.jar!/activities/baselines/cql_vector.yaml'
2023-12-10 21:05:33,336 [main] INFO : workload URI: 'jar:file:///tmp/.mount_nb5fOKJwh/usr/bin/nb5.jar!/activities/baselines/cql_starter.yaml'
2023-12-10 21:05:33,340 [main] INFO : workload URI: 'jar:file:///tmp/.mount_nb5fOKJwh/usr/bin/nb5.jar!/activities/baselines/astra_vectors_live.yaml'
2023-12-10 21:05:33,344 [main] INFO : workload URI: 'jar:file:///tmp/.mount_nb5fOKJwh/usr/bin/nb5.jar!/activities/baselines/cql_iot.yaml'
2023-12-10 21:05:33,348 [main] INFO : workload URI: 'jar:file:///tmp/.mount_nb5fOKJwh/usr/bin/nb5.jar!/activities/baselines/incremental.yaml'
2023-12-10 21:05:33,351 [main] INFO : workload URI: 'jar:file:///tmp/.mount_nb5fOKJwh/usr/bin/nb5.jar!/activities/baselines/cql_keyvalue.yaml'
2023-12-10 21:05:33,354 [main] INFO : workload URI: 'jar:file:///tmp/.mount_nb5fOKJwh/usr/bin/nb5.jar!/activities/baselines/cql_iot_dse.yaml'
2023-12-10 21:05:33,358 [main] INFO : workload URI: 'jar:file:///tmp/.mount_nb5fOKJwh/usr/bin/nb5.jar!/activities/baselines/cql_tabular.yaml'
2023-12-10 21:05:33,362 [main] INFO : workload URI: 'jar:file:///tmp/.mount_nb5fOKJwh/usr/bin/nb5.jar!/activities/baselines/graph_wheels.yaml'
2023-12-10 21:05:33,367 [main] INFO : workload URI: 'jar:file:///tmp/.mount_nb5fOKJwh/usr/bin/nb5.jar!/activities/examples/cql-rowops.yaml'
2023-12-10 21:05:33,372 [main] INFO : workload URI: 'jar:file:///tmp/.mount_nb5fOKJwh/usr/bin/nb5.jar!/activities/examples/diag-gauge.yaml'
2023-12-10 21:05:33,376 [main] INFO : workload URI: 'jar:file:///tmp/.mount_nb5fOKJwh/usr/bin/nb5.jar!/activities/examples/bindings/cqlvectors.yaml'
2023-12-10 21:05:33,378 [main] INFO : workload URI: 'jar:file:///tmp/.mount_nb5fOKJwh/usr/bin/nb5.jar!/activities/examples/bindings/text.yaml'
2023-12-10 21:05:33,381 [main] INFO : workload URI: 'jar:file:///tmp/.mount_nb5fOKJwh/usr/bin/nb5.jar!/activities/examples/bindings/cqltypes.yaml'
2023-12-10 21:05:33,384 [main] INFO : workload URI: 'jar:file:///tmp/.mount_nb5fOKJwh/usr/bin/nb5.jar!/activities/examples/bindings/date.yaml'
2023-12-10 21:05:33,386 [main] INFO : workload URI: 'jar:file:///tmp/.mount_nb5fOKJwh/usr/bin/nb5.jar!/activities/examples/bindings/expr.yaml'
2023-12-10 21:05:33,389 [main] INFO : workload URI: 'jar:file:///tmp/.mount_nb5fOKJwh/usr/bin/nb5.jar!/activities/examples/bindings/timestamp.yaml'
2023-12-10 21:05:33,391 [main] INFO : workload URI: 'jar:file:///tmp/.mount_nb5fOKJwh/usr/bin/nb5.jar!/activities/examples/bindings/uuid.yaml'
2023-12-10 21:05:33,394 [main] INFO : workload URI: 'jar:file:///tmp/.mount_nb5fOKJwh/usr/bin/nb5.jar!/activities/examples/bindings/timeuuid.yaml'
2023-12-10 21:05:33,398 [main] INFO : workload URI: 'jar:file:///tmp/.mount_nb5fOKJwh/usr/bin/nb5.jar!/activities/baselinesv2/http_elastic_vector.yaml'
2023-12-10 21:05:33,402 [main] INFO : workload URI: 'jar:file:///tmp/.mount_nb5fOKJwh/usr/bin/nb5.jar!/activities/baselinesv2/cql_keyvalue2_bulky.yaml'
2023-12-10 21:05:33,407 [main] INFO : workload URI: 'jar:file:///tmp/.mount_nb5fOKJwh/usr/bin/nb5.jar!/activities/baselinesv2/cql_tabular2.yaml'
2023-12-10 21:05:33,412 [main] INFO : workload URI: 'jar:file:///tmp/.mount_nb5fOKJwh/usr/bin/nb5.jar!/activities/baselinesv2/cql_timeseries2.yaml'
2023-12-10 21:05:33,416 [main] INFO : workload URI: 'jar:file:///tmp/.mount_nb5fOKJwh/usr/bin/nb5.jar!/activities/baselinesv2/cql_keyvalue2.yaml'
2023-12-10 21:05:33,420 [main] INFO : workload URI: 'jar:file:///tmp/.mount_nb5fOKJwh/usr/bin/nb5.jar!/activities/baselinesv2/cql_vector2_fvec.yaml'
2023-12-10 21:05:33,424 [main] INFO : workload URI: 'jar:file:///tmp/.mount_nb5fOKJwh/usr/bin/nb5.jar!/activities/baselinesv2/cql_vector2.yaml'
2023-12-10 21:05:33,429 [main] INFO : workload URI: 'jar:file:///tmp/.mount_nb5fOKJwh/usr/bin/nb5.jar!/activities/baselinesv2/dynamodb-timeseries2.yaml'
2023-12-10 21:05:33,432 [main] INFO : workload URI: 'jar:file:///tmp/.mount_nb5fOKJwh/usr/bin/nb5.jar!/activities/baselinesv2/dynamodb-keyvalue2.yaml'
2023-12-10 21:05:33,436 [main] INFO : workload URI: 'jar:file:///tmp/.mount_nb5fOKJwh/usr/bin/nb5.jar!/activities/baselinesv2/dynamodb-tabular2.yaml'
2023-12-10 21:05:33,440 [main] INFO : workload URI: 'jar:file:///tmp/.mount_nb5fOKJwh/usr/bin/nb5.jar!/activities/baselinesv2/mongodb-keyvalue2.yaml'
2023-12-10 21:05:33,443 [main] INFO : workload URI: 'jar:file:///tmp/.mount_nb5fOKJwh/usr/bin/nb5.jar!/activities/baselinesv2/mongodb_vector_search.yaml'
2023-12-10 21:05:33,448 [main] INFO : workload URI: 'jar:file:///tmp/.mount_nb5fOKJwh/usr/bin/nb5.jar!/activities/baselinesv2/mongodb-timeseries2.yaml'
2023-12-10 21:05:33,452 [main] INFO : workload URI: 'jar:file:///tmp/.mount_nb5fOKJwh/usr/bin/nb5.jar!/activities/baselinesv2/mongodb-tabular2.yaml'
