2023-12-10 21:13:24,591 [main] INFO : Configured scenario log at logs/nMkzZ6x.log
2023-12-10 21:13:24,595 [main] INFO : Running NoSQLBench Version 5.21.1-SNAPSHOT
2023-12-10 21:13:24,595 [main] INFO : command-line: --list-workloads
2023-12-10 21:13:25,293 [main] INFO : client-hardware: {"if-speeds":["0Mib","1Gib"],"heap-max-GiB":"15.68","processor-name":"AMD Ryzen 9 3900X 12-Core Processor","memory-GiB":"62.73","sockets":"1","logical-cores":"24","max-frequency-ghz":"0.00","physical-cores":"12"}
2023-12-10 21:13:25,525 [main] INFO : workload URI: 'jar:file:///tmp/.mount_nb5xtb2jG/usr/bin/nb5.jar!/activities/pinecone-query.yaml'
2023-12-10 21:13:25,554 [main] INFO : workload URI: 'jar:file:///tmp/.mount_nb5xtb2jG/usr/bin/nb5.jar!/activities/pinecone-delete.yaml'
2023-12-10 21:13:25,561 [main] INFO : workload URI: 'jar:file:///tmp/.mount_nb5xtb2jG/usr/bin/nb5.jar!/activities/pinecone-upsert.yaml'
2023-12-10 21:13:25,570 [main] INFO : workload URI: 'jar:file:///tmp/.mount_nb5xtb2jG/usr/bin/nb5.jar!/activities/pinecone-stats.yaml'
2023-12-10 21:13:25,576 [main] INFO : workload URI: 'jar:file:///tmp/.mount_nb5xtb2jG/usr/bin/nb5.jar!/activities/pinecone-query-multiple.yaml'
2023-12-10 21:13:25,586 [main] INFO : workload URI: 'jar:file:///tmp/.mount_nb5xtb2jG/usr/bin/nb5.jar!/activities/pinecone-fetch.yaml'
2023-12-10 21:13:25,591 [main] INFO : workload URI: 'jar:file:///tmp/.mount_nb5xtb2jG/usr/bin/nb5.jar!/activities/pinecone-upsert-scenario.yaml'
2023-12-10 21:13:25,597 [main] INFO : workload URI: 'jar:file:///tmp/.mount_nb5xtb2jG/usr/bin/nb5.jar!/activities/pinecone-verify.yaml'
2023-12-10 21:13:25,603 [main] INFO : workload URI: 'jar:file:///tmp/.mount_nb5xtb2jG/usr/bin/nb5.jar!/activities/pinecone-query-all.yaml'
2023-12-10 21:13:25,612 [main] INFO : workload URI: 'jar:file:///tmp/.mount_nb5xtb2jG/usr/bin/nb5.jar!/activities/mongodb-search-basic.yaml'
2023-12-10 21:13:25,625 [main] INFO : workload URI: 'jar:file:///tmp/.mount_nb5xtb2jG/usr/bin/nb5.jar!/activities/mongodb-crud-basic.yaml'
2023-12-10 21:13:25,631 [main] INFO : workload URI: 'jar:file:///tmp/.mount_nb5xtb2jG/usr/bin/nb5.jar!/activities/mongodb-basic.yaml'
2023-12-10 21:13:25,635 [main] INFO : workload URI: 'jar:file:///tmp/.mount_nb5xtb2jG/usr/bin/nb5.jar!/activities/mongodb-basic-uuid.yaml'
2023-12-10 21:13:25,640 [main] INFO : workload URI: 'jar:file:///tmp/.mount_nb5xtb2jG/usr/bin/nb5.jar!/activities/mongodb-crud-dataset.yaml'
2023-12-10 21:13:25,645 [main] INFO : workload URI: 'jar:file:///tmp/.mount_nb5xtb2jG/usr/bin/nb5.jar!/activities/documents-api/http-docsapi-crud-dataset.yaml'
2023-12-10 21:13:25,653 [main] INFO : workload URI: 'jar:file:///tmp/.mount_nb5xtb2jG/usr/bin/nb5.jar!/activities/documents-api/http-docsapi-search-basic.yaml'
2023-12-10 21:13:25,662 [main] INFO : workload URI: 'jar:file:///tmp/.mount_nb5xtb2jG/usr/bin/nb5.jar!/activities/documents-api/http-docsapi-crud-basic.yaml'
2023-12-10 21:13:25,669 [main] INFO : workload URI: 'jar:file:///tmp/.mount_nb5xtb2jG/usr/bin/nb5.jar!/activities/documents-api/http-docsapi-search-advanced.yaml'
2023-12-10 21:13:25,678 [main] INFO : workload URI: 'jar:file:///tmp/.mount_nb5xtb2jG/usr/bin/nb5.jar!/activities/documents-api/http-docsapi-keyvalue.yaml'
2023-12-10 21:13:25,683 [main] INFO : workload URI: 'jar:file:///tmp/.mount_nb5xtb2jG/usr/bin/nb5.jar!/activities/graphql-schema-first/http-graphql-timeseries.yaml'
2023-12-10 21:13:25,688 [main] INFO : workload URI: 'jar:file:///tmp/.mount_nb5xtb2jG/usr/bin/nb5.jar!/activities/graphql-schema-first/http-graphql-tabular.yaml'
2023-12-10 21:13:25,693 [main] INFO : workload URI: 'jar:file:///tmp/.mount_nb5xtb2jG/usr/bin/nb5.jar!/activities/graphql-schema-first/http-graphql-keyvalue.yaml'
2023-12-10 21:13:25,697 [main] INFO : workload URI: 'jar:file:///tmp/.mount_nb5xtb2jG/usr/bin/nb5.jar!/activities/graphql-cql-first/http-graphql-cql-tabular.yaml'
2023-12-10 21:13:25,701 [main] INFO : workload URI: 'jar:file:///tmp/.mount_nb5xtb2jG/usr/bin/nb5.jar!/activities/graphql-cql-first/http-graphql-cql-timeseries.yaml'
2023-12-10 21:13:25,706 [main] INFO : workload URI: 'jar:file:///tmp/.mount_nb5xtb2jG/usr/bin/nb5.jar!/activities/graphql-cql-first/http-graphql-cql-keyvalue.yaml'
2023-12-10 21:13:25,711 [main] INFO : workload URI: 'jar:file:///tmp/.mount_nb5xtb2jG/usr/bin/nb5.jar!/activities/baselines/http-rest-timeseries.yaml'
2023-12-10 21:13:25,715 [main] INFO : workload URI: 'jar:file:///tmp/.mount_nb5xtb2jG/usr/bin/nb5.jar!/activities/baselines/http-rest-tabular.yaml'
2023-12-10 21:13:25,718 [main] INFO : workload URI: 'jar:file:///tmp/.mount_nb5xtb2jG/usr/bin/nb5.jar!/activities/baselines/http-rest-keyvalue.yaml'
2023-12-10 21:13:25,722 [main] INFO : workload URI: 'jar:file:///tmp/.mount_nb5xtb2jG/usr/bin/nb5.jar!/activities/baselines/http-rest-starter.yaml'
2023-12-10 21:13:25,726 [main] INFO : workload URI: 'jar:file:///tmp/.mount_nb5xtb2jG/usr/bin/nb5.jar!/activities/baselines/cql_vector_typed.yaml'
2023-12-10 21:13:25,730 [main] INFO : workload URI: 'jar:file:///tmp/.mount_nb5xtb2jG/usr/bin/nb5.jar!/activities/baselines/cql_vector.yaml'
2023-12-10 21:13:25,733 [main] INFO : workload URI: 'jar:file:///tmp/.mount_nb5xtb2jG/usr/bin/nb5.jar!/activities/baselines/cql_starter.yaml'
2023-12-10 21:13:25,737 [main] INFO : workload URI: 'jar:file:///tmp/.mount_nb5xtb2jG/usr/bin/nb5.jar!/activities/baselines/astra_vectors_live.yaml'
2023-12-10 21:13:25,741 [main] INFO : workload URI: 'jar:file:///tmp/.mount_nb5xtb2jG/usr/bin/nb5.jar!/activities/baselines/cql_iot.yaml'
2023-12-10 21:13:25,745 [main] INFO : workload URI: 'jar:file:///tmp/.mount_nb5xtb2jG/usr/bin/nb5.jar!/activities/baselines/incremental.yaml'
2023-12-10 21:13:25,748 [main] INFO : workload URI: 'jar:file:///tmp/.mount_nb5xtb2jG/usr/bin/nb5.jar!/activities/baselines/cql_keyvalue.yaml'
2023-12-10 21:13:25,751 [main] INFO : workload URI: 'jar:file:///tmp/.mount_nb5xtb2jG/usr/bin/nb5.jar!/activities/baselines/cql_iot_dse.yaml'
2023-12-10 21:13:25,755 [main] INFO : workload URI: 'jar:file:///tmp/.mount_nb5xtb2jG/usr/bin/nb5.jar!/activities/baselines/cql_tabular.yaml'
2023-12-10 21:13:25,759 [main] INFO : workload URI: 'jar:file:///tmp/.mount_nb5xtb2jG/usr/bin/nb5.jar!/activities/baselines/graph_wheels.yaml'
2023-12-10 21:13:25,763 [main] INFO : workload URI: 'jar:file:///tmp/.mount_nb5xtb2jG/usr/bin/nb5.jar!/activities/examples/cql-rowops.yaml'
2023-12-10 21:13:25,767 [main] INFO : workload URI: 'jar:file:///tmp/.mount_nb5xtb2jG/usr/bin/nb5.jar!/activities/examples/diag-gauge.yaml'
2023-12-10 21:13:25,770 [main] INFO : workload URI: 'jar:file:///tmp/.mount_nb5xtb2jG/usr/bin/nb5.jar!/activities/examples/bindings/cqlvectors.yaml'
2023-12-10 21:13:25,773 [main] INFO : workload URI: 'jar:file:///tmp/.mount_nb5xtb2jG/usr/bin/nb5.jar!/activities/examples/bindings/text.yaml'
2023-12-10 21:13:25,776 [main] INFO : workload URI: 'jar:file:///tmp/.mount_nb5xtb2jG/usr/bin/nb5.jar!/activities/examples/bindings/cqltypes.yaml'
2023-12-10 21:13:25,778 [main] INFO : workload URI: 'jar:file:///tmp/.mount_nb5xtb2jG/usr/bin/nb5.jar!/activities/examples/bindings/date.yaml'
2023-12-10 21:13:25,780 [main] INFO : workload URI: 'jar:file:///tmp/.mount_nb5xtb2jG/usr/bin/nb5.jar!/activities/examples/bindings/expr.yaml'
2023-12-10 21:13:25,783 [main] INFO : workload URI: 'jar:file:///tmp/.mount_nb5xtb2jG/usr/bin/nb5.jar!/activities/examples/bindings/timestamp.yaml'
2023-12-10 21:13:25,785 [main] INFO : workload URI: 'jar:file:///tmp/.mount_nb5xtb2jG/usr/bin/nb5.jar!/activities/examples/bindings/uuid.yaml'
2023-12-10 21:13:25,788 [main] INFO : workload URI: 'jar:file:///tmp/.mount_nb5xtb2jG/usr/bin/nb5.jar!/activities/examples/bindings/timeuuid.yaml'
2023-12-10 21:13:25,792 [main] INFO : workload URI: 'jar:file:///tmp/.mount_nb5xtb2jG/usr/bin/nb5.jar!/activities/baselinesv2/http_elastic_vector.yaml'
2023-12-10 21:13:25,796 [main] INFO : workload URI: 'jar:file:///tmp/.mount_nb5xtb2jG/usr/bin/nb5.jar!/activities/baselinesv2/cql_keyvalue2_bulky.yaml'
2023-12-10 21:13:25,800 [main] INFO : workload URI: 'jar:file:///tmp/.mount_nb5xtb2jG/usr/bin/nb5.jar!/activities/baselinesv2/cql_tabular2.yaml'
2023-12-10 21:13:25,804 [main] INFO : workload URI: 'jar:file:///tmp/.mount_nb5xtb2jG/usr/bin/nb5.jar!/activities/baselinesv2/cql_timeseries2.yaml'
2023-12-10 21:13:25,808 [main] INFO : workload URI: 'jar:file:///tmp/.mount_nb5xtb2jG/usr/bin/nb5.jar!/activities/baselinesv2/cql_keyvalue2.yaml'
2023-12-10 21:13:25,812 [main] INFO : workload URI: 'jar:file:///tmp/.mount_nb5xtb2jG/usr/bin/nb5.jar!/activities/baselinesv2/cql_vector2_fvec.yaml'
2023-12-10 21:13:25,815 [main] INFO : workload URI: 'jar:file:///tmp/.mount_nb5xtb2jG/usr/bin/nb5.jar!/activities/baselinesv2/cql_vector2.yaml'
2023-12-10 21:13:25,820 [main] INFO : workload URI: 'jar:file:///tmp/.mount_nb5xtb2jG/usr/bin/nb5.jar!/activities/baselinesv2/dynamodb-timeseries2.yaml'
2023-12-10 21:13:25,823 [main] INFO : workload URI: 'jar:file:///tmp/.mount_nb5xtb2jG/usr/bin/nb5.jar!/activities/baselinesv2/dynamodb-keyvalue2.yaml'
2023-12-10 21:13:25,826 [main] INFO : workload URI: 'jar:file:///tmp/.mount_nb5xtb2jG/usr/bin/nb5.jar!/activities/baselinesv2/dynamodb-tabular2.yaml'
2023-12-10 21:13:25,830 [main] INFO : workload URI: 'jar:file:///tmp/.mount_nb5xtb2jG/usr/bin/nb5.jar!/activities/baselinesv2/mongodb-keyvalue2.yaml'
2023-12-10 21:13:25,833 [main] INFO : workload URI: 'jar:file:///tmp/.mount_nb5xtb2jG/usr/bin/nb5.jar!/activities/baselinesv2/mongodb_vector_search.yaml'
2023-12-10 21:13:25,838 [main] INFO : workload URI: 'jar:file:///tmp/.mount_nb5xtb2jG/usr/bin/nb5.jar!/activities/baselinesv2/mongodb-timeseries2.yaml'
2023-12-10 21:13:25,842 [main] INFO : workload URI: 'jar:file:///tmp/.mount_nb5xtb2jG/usr/bin/nb5.jar!/activities/baselinesv2/mongodb-tabular2.yaml'
