2023-12-10 21:11:43,134 [main] INFO : Configured scenario log at logs/nMkzAjK.log
2023-12-10 21:11:43,138 [main] INFO : Running NoSQLBench Version 5.21.1-SNAPSHOT
2023-12-10 21:11:43,139 [main] INFO : command-line: --list-workloads
2023-12-10 21:11:43,832 [main] INFO : client-hardware: {"memory-GiB":"62.73","processor-name":"AMD Ryzen 9 3900X 12-Core Processor","heap-max-GiB":"15.68","if-speeds":["0Mib","1Gib"],"physical-cores":"12","max-frequency-ghz":"0.00","logical-cores":"24","sockets":"1"}
2023-12-10 21:11:44,039 [main] INFO : workload URI: 'jar:file:///tmp/.mount_nb5TKyDyE/usr/bin/nb5.jar!/activities/pinecone-query.yaml'
2023-12-10 21:11:44,066 [main] INFO : workload URI: 'jar:file:///tmp/.mount_nb5TKyDyE/usr/bin/nb5.jar!/activities/pinecone-delete.yaml'
2023-12-10 21:11:44,073 [main] INFO : workload URI: 'jar:file:///tmp/.mount_nb5TKyDyE/usr/bin/nb5.jar!/activities/pinecone-upsert.yaml'
2023-12-10 21:11:44,081 [main] INFO : workload URI: 'jar:file:///tmp/.mount_nb5TKyDyE/usr/bin/nb5.jar!/activities/pinecone-stats.yaml'
2023-12-10 21:11:44,087 [main] INFO : workload URI: 'jar:file:///tmp/.mount_nb5TKyDyE/usr/bin/nb5.jar!/activities/pinecone-query-multiple.yaml'
2023-12-10 21:11:44,095 [main] INFO : workload URI: 'jar:file:///tmp/.mount_nb5TKyDyE/usr/bin/nb5.jar!/activities/pinecone-fetch.yaml'
2023-12-10 21:11:44,100 [main] INFO : workload URI: 'jar:file:///tmp/.mount_nb5TKyDyE/usr/bin/nb5.jar!/activities/pinecone-upsert-scenario.yaml'
2023-12-10 21:11:44,107 [main] INFO : workload URI: 'jar:file:///tmp/.mount_nb5TKyDyE/usr/bin/nb5.jar!/activities/pinecone-verify.yaml'
2023-12-10 21:11:44,114 [main] INFO : workload URI: 'jar:file:///tmp/.mount_nb5TKyDyE/usr/bin/nb5.jar!/activities/pinecone-query-all.yaml'
2023-12-10 21:11:44,122 [main] INFO : workload URI: 'jar:file:///tmp/.mount_nb5TKyDyE/usr/bin/nb5.jar!/activities/mongodb-search-basic.yaml'
2023-12-10 21:11:44,135 [main] INFO : workload URI: 'jar:file:///tmp/.mount_nb5TKyDyE/usr/bin/nb5.jar!/activities/mongodb-crud-basic.yaml'
2023-12-10 21:11:44,140 [main] INFO : workload URI: 'jar:file:///tmp/.mount_nb5TKyDyE/usr/bin/nb5.jar!/activities/mongodb-basic.yaml'
2023-12-10 21:11:44,144 [main] INFO : workload URI: 'jar:file:///tmp/.mount_nb5TKyDyE/usr/bin/nb5.jar!/activities/mongodb-basic-uuid.yaml'
2023-12-10 21:11:44,149 [main] INFO : workload URI: 'jar:file:///tmp/.mount_nb5TKyDyE/usr/bin/nb5.jar!/activities/mongodb-crud-dataset.yaml'
2023-12-10 21:11:44,154 [main] INFO : workload URI: 'jar:file:///tmp/.mount_nb5TKyDyE/usr/bin/nb5.jar!/activities/documents-api/http-docsapi-crud-dataset.yaml'
2023-12-10 21:11:44,161 [main] INFO : workload URI: 'jar:file:///tmp/.mount_nb5TKyDyE/usr/bin/nb5.jar!/activities/documents-api/http-docsapi-search-basic.yaml'
2023-12-10 21:11:44,169 [main] INFO : workload URI: 'jar:file:///tmp/.mount_nb5TKyDyE/usr/bin/nb5.jar!/activities/documents-api/http-docsapi-crud-basic.yaml'
2023-12-10 21:11:44,176 [main] INFO : workload URI: 'jar:file:///tmp/.mount_nb5TKyDyE/usr/bin/nb5.jar!/activities/documents-api/http-docsapi-search-advanced.yaml'
2023-12-10 21:11:44,184 [main] INFO : workload URI: 'jar:file:///tmp/.mount_nb5TKyDyE/usr/bin/nb5.jar!/activities/documents-api/http-docsapi-keyvalue.yaml'
2023-12-10 21:11:44,189 [main] INFO : workload URI: 'jar:file:///tmp/.mount_nb5TKyDyE/usr/bin/nb5.jar!/activities/graphql-schema-first/http-graphql-timeseries.yaml'
2023-12-10 21:11:44,194 [main] INFO : workload URI: 'jar:file:///tmp/.mount_nb5TKyDyE/usr/bin/nb5.jar!/activities/graphql-schema-first/http-graphql-tabular.yaml'
2023-12-10 21:11:44,198 [main] INFO : workload URI: 'jar:file:///tmp/.mount_nb5TKyDyE/usr/bin/nb5.jar!/activities/graphql-schema-first/http-graphql-keyvalue.yaml'
2023-12-10 21:11:44,202 [main] INFO : workload URI: 'jar:file:///tmp/.mount_nb5TKyDyE/usr/bin/nb5.jar!/activities/graphql-cql-first/http-graphql-cql-tabular.yaml'
2023-12-10 21:11:44,206 [main] INFO : workload URI: 'jar:file:///tmp/.mount_nb5TKyDyE/usr/bin/nb5.jar!/activities/graphql-cql-first/http-graphql-cql-timeseries.yaml'
2023-12-10 21:11:44,211 [main] INFO : workload URI: 'jar:file:///tmp/.mount_nb5TKyDyE/usr/bin/nb5.jar!/activities/graphql-cql-first/http-graphql-cql-keyvalue.yaml'
2023-12-10 21:11:44,216 [main] INFO : workload URI: 'jar:file:///tmp/.mount_nb5TKyDyE/usr/bin/nb5.jar!/activities/baselines/http-rest-timeseries.yaml'
2023-12-10 21:11:44,220 [main] INFO : workload URI: 'jar:file:///tmp/.mount_nb5TKyDyE/usr/bin/nb5.jar!/activities/baselines/http-rest-tabular.yaml'
2023-12-10 21:11:44,224 [main] INFO : workload URI: 'jar:file:///tmp/.mount_nb5TKyDyE/usr/bin/nb5.jar!/activities/baselines/http-rest-keyvalue.yaml'
2023-12-10 21:11:44,228 [main] INFO : workload URI: 'jar:file:///tmp/.mount_nb5TKyDyE/usr/bin/nb5.jar!/activities/baselines/http-rest-starter.yaml'
2023-12-10 21:11:44,232 [main] INFO : workload URI: 'jar:file:///tmp/.mount_nb5TKyDyE/usr/bin/nb5.jar!/activities/baselines/cql_vector_typed.yaml'
2023-12-10 21:11:44,235 [main] INFO : workload URI: 'jar:file:///tmp/.mount_nb5TKyDyE/usr/bin/nb5.jar!/activities/baselines/cql_vector.yaml'
2023-12-10 21:11:44,239 [main] INFO : workload URI: 'jar:file:///tmp/.mount_nb5TKyDyE/usr/bin/nb5.jar!/activities/baselines/cql_starter.yaml'
2023-12-10 21:11:44,243 [main] INFO : workload URI: 'jar:file:///tmp/.mount_nb5TKyDyE/usr/bin/nb5.jar!/activities/baselines/astra_vectors_live.yaml'
2023-12-10 21:11:44,247 [main] INFO : workload URI: 'jar:file:///tmp/.mount_nb5TKyDyE/usr/bin/nb5.jar!/activities/baselines/cql_iot.yaml'
2023-12-10 21:11:44,251 [main] INFO : workload URI: 'jar:file:///tmp/.mount_nb5TKyDyE/usr/bin/nb5.jar!/activities/baselines/incremental.yaml'
2023-12-10 21:11:44,254 [main] INFO : workload URI: 'jar:file:///tmp/.mount_nb5TKyDyE/usr/bin/nb5.jar!/activities/baselines/cql_keyvalue.yaml'
2023-12-10 21:11:44,258 [main] INFO : workload URI: 'jar:file:///tmp/.mount_nb5TKyDyE/usr/bin/nb5.jar!/activities/baselines/cql_iot_dse.yaml'
2023-12-10 21:11:44,261 [main] INFO : workload URI: 'jar:file:///tmp/.mount_nb5TKyDyE/usr/bin/nb5.jar!/activities/baselines/cql_tabular.yaml'
2023-12-10 21:11:44,264 [main] INFO : workload URI: 'jar:file:///tmp/.mount_nb5TKyDyE/usr/bin/nb5.jar!/activities/baselines/graph_wheels.yaml'
2023-12-10 21:11:44,269 [main] INFO : workload URI: 'jar:file:///tmp/.mount_nb5TKyDyE/usr/bin/nb5.jar!/activities/examples/cql-rowops.yaml'
2023-12-10 21:11:44,273 [main] INFO : workload URI: 'jar:file:///tmp/.mount_nb5TKyDyE/usr/bin/nb5.jar!/activities/examples/diag-gauge.yaml'
2023-12-10 21:11:44,276 [main] INFO : workload URI: 'jar:file:///tmp/.mount_nb5TKyDyE/usr/bin/nb5.jar!/activities/examples/bindings/cqlvectors.yaml'
2023-12-10 21:11:44,279 [main] INFO : workload URI: 'jar:file:///tmp/.mount_nb5TKyDyE/usr/bin/nb5.jar!/activities/examples/bindings/text.yaml'
2023-12-10 21:11:44,282 [main] INFO : workload URI: 'jar:file:///tmp/.mount_nb5TKyDyE/usr/bin/nb5.jar!/activities/examples/bindings/cqltypes.yaml'
2023-12-10 21:11:44,284 [main] INFO : workload URI: 'jar:file:///tmp/.mount_nb5TKyDyE/usr/bin/nb5.jar!/activities/examples/bindings/date.yaml'
2023-12-10 21:11:44,287 [main] INFO : workload URI: 'jar:file:///tmp/.mount_nb5TKyDyE/usr/bin/nb5.jar!/activities/examples/bindings/expr.yaml'
2023-12-10 21:11:44,290 [main] INFO : workload URI: 'jar:file:///tmp/.mount_nb5TKyDyE/usr/bin/nb5.jar!/activities/examples/bindings/timestamp.yaml'
2023-12-10 21:11:44,292 [main] INFO : workload URI: 'jar:file:///tmp/.mount_nb5TKyDyE/usr/bin/nb5.jar!/activities/examples/bindings/uuid.yaml'
2023-12-10 21:11:44,295 [main] INFO : workload URI: 'jar:file:///tmp/.mount_nb5TKyDyE/usr/bin/nb5.jar!/activities/examples/bindings/timeuuid.yaml'
2023-12-10 21:11:44,298 [main] INFO : workload URI: 'jar:file:///tmp/.mount_nb5TKyDyE/usr/bin/nb5.jar!/activities/baselinesv2/http_elastic_vector.yaml'
2023-12-10 21:11:44,303 [main] INFO : workload URI: 'jar:file:///tmp/.mount_nb5TKyDyE/usr/bin/nb5.jar!/activities/baselinesv2/cql_keyvalue2_bulky.yaml'
2023-12-10 21:11:44,307 [main] INFO : workload URI: 'jar:file:///tmp/.mount_nb5TKyDyE/usr/bin/nb5.jar!/activities/baselinesv2/cql_tabular2.yaml'
2023-12-10 21:11:44,311 [main] INFO : workload URI: 'jar:file:///tmp/.mount_nb5TKyDyE/usr/bin/nb5.jar!/activities/baselinesv2/cql_timeseries2.yaml'
2023-12-10 21:11:44,315 [main] INFO : workload URI: 'jar:file:///tmp/.mount_nb5TKyDyE/usr/bin/nb5.jar!/activities/baselinesv2/cql_keyvalue2.yaml'
2023-12-10 21:11:44,319 [main] INFO : workload URI: 'jar:file:///tmp/.mount_nb5TKyDyE/usr/bin/nb5.jar!/activities/baselinesv2/cql_vector2_fvec.yaml'
2023-12-10 21:11:44,323 [main] INFO : workload URI: 'jar:file:///tmp/.mount_nb5TKyDyE/usr/bin/nb5.jar!/activities/baselinesv2/cql_vector2.yaml'
2023-12-10 21:11:44,328 [main] INFO : workload URI: 'jar:file:///tmp/.mount_nb5TKyDyE/usr/bin/nb5.jar!/activities/baselinesv2/dynamodb-timeseries2.yaml'
2023-12-10 21:11:44,331 [main] INFO : workload URI: 'jar:file:///tmp/.mount_nb5TKyDyE/usr/bin/nb5.jar!/activities/baselinesv2/dynamodb-keyvalue2.yaml'
2023-12-10 21:11:44,334 [main] INFO : workload URI: 'jar:file:///tmp/.mount_nb5TKyDyE/usr/bin/nb5.jar!/activities/baselinesv2/dynamodb-tabular2.yaml'
2023-12-10 21:11:44,338 [main] INFO : workload URI: 'jar:file:///tmp/.mount_nb5TKyDyE/usr/bin/nb5.jar!/activities/baselinesv2/mongodb-keyvalue2.yaml'
2023-12-10 21:11:44,342 [main] INFO : workload URI: 'jar:file:///tmp/.mount_nb5TKyDyE/usr/bin/nb5.jar!/activities/baselinesv2/mongodb_vector_search.yaml'
2023-12-10 21:11:44,347 [main] INFO : workload URI: 'jar:file:///tmp/.mount_nb5TKyDyE/usr/bin/nb5.jar!/activities/baselinesv2/mongodb-timeseries2.yaml'
2023-12-10 21:11:44,351 [main] INFO : workload URI: 'jar:file:///tmp/.mount_nb5TKyDyE/usr/bin/nb5.jar!/activities/baselinesv2/mongodb-tabular2.yaml'
