2023-12-10 21:12:22,356 [main] INFO : Configured scenario log at logs/nMkzJVX.log
2023-12-10 21:12:22,359 [main] INFO : Running NoSQLBench Version 5.21.1-SNAPSHOT
2023-12-10 21:12:22,360 [main] INFO : command-line: --list-workloads
2023-12-10 21:12:23,064 [main] INFO : client-hardware: {"if-speeds":["0Mib","1Gib"],"physical-cores":"12","max-frequency-ghz":"0.00","logical-cores":"24","sockets":"1","memory-GiB":"62.73","processor-name":"AMD Ryzen 9 3900X 12-Core Processor","heap-max-GiB":"15.68"}
2023-12-10 21:12:23,275 [main] INFO : workload URI: 'jar:file:///tmp/.mount_nb520si6u/usr/bin/nb5.jar!/activities/pinecone-query.yaml'
2023-12-10 21:12:23,304 [main] INFO : workload URI: 'jar:file:///tmp/.mount_nb520si6u/usr/bin/nb5.jar!/activities/pinecone-delete.yaml'
2023-12-10 21:12:23,311 [main] INFO : workload URI: 'jar:file:///tmp/.mount_nb520si6u/usr/bin/nb5.jar!/activities/pinecone-upsert.yaml'
2023-12-10 21:12:23,321 [main] INFO : workload URI: 'jar:file:///tmp/.mount_nb520si6u/usr/bin/nb5.jar!/activities/pinecone-stats.yaml'
2023-12-10 21:12:23,327 [main] INFO : workload URI: 'jar:file:///tmp/.mount_nb520si6u/usr/bin/nb5.jar!/activities/pinecone-query-multiple.yaml'
2023-12-10 21:12:23,335 [main] INFO : workload URI: 'jar:file:///tmp/.mount_nb520si6u/usr/bin/nb5.jar!/activities/pinecone-fetch.yaml'
2023-12-10 21:12:23,341 [main] INFO : workload URI: 'jar:file:///tmp/.mount_nb520si6u/usr/bin/nb5.jar!/activities/pinecone-upsert-scenario.yaml'
2023-12-10 21:12:23,347 [main] INFO : workload URI: 'jar:file:///tmp/.mount_nb520si6u/usr/bin/nb5.jar!/activities/pinecone-verify.yaml'
2023-12-10 21:12:23,353 [main] INFO : workload URI: 'jar:file:///tmp/.mount_nb520si6u/usr/bin/nb5.jar!/activities/pinecone-query-all.yaml'
2023-12-10 21:12:23,361 [main] INFO : workload URI: 'jar:file:///tmp/.mount_nb520si6u/usr/bin/nb5.jar!/activities/mongodb-search-basic.yaml'
2023-12-10 21:12:23,377 [main] INFO : workload URI: 'jar:file:///tmp/.mount_nb520si6u/usr/bin/nb5.jar!/activities/mongodb-crud-basic.yaml'
2023-12-10 21:12:23,383 [main] INFO : workload URI: 'jar:file:///tmp/.mount_nb520si6u/usr/bin/nb5.jar!/activities/mongodb-basic.yaml'
2023-12-10 21:12:23,387 [main] INFO : workload URI: 'jar:file:///tmp/.mount_nb520si6u/usr/bin/nb5.jar!/activities/mongodb-basic-uuid.yaml'
2023-12-10 21:12:23,392 [main] INFO : workload URI: 'jar:file:///tmp/.mount_nb520si6u/usr/bin/nb5.jar!/activities/mongodb-crud-dataset.yaml'
2023-12-10 21:12:23,398 [main] INFO : workload URI: 'jar:file:///tmp/.mount_nb520si6u/usr/bin/nb5.jar!/activities/documents-api/http-docsapi-crud-dataset.yaml'
2023-12-10 21:12:23,404 [main] INFO : workload URI: 'jar:file:///tmp/.mount_nb520si6u/usr/bin/nb5.jar!/activities/documents-api/http-docsapi-search-basic.yaml'
2023-12-10 21:12:23,413 [main] INFO : workload URI: 'jar:file:///tmp/.mount_nb520si6u/usr/bin/nb5.jar!/activities/documents-api/http-docsapi-crud-basic.yaml'
2023-12-10 21:12:23,420 [main] INFO : workload URI: 'jar:file:///tmp/.mount_nb520si6u/usr/bin/nb5.jar!/activities/documents-api/http-docsapi-search-advanced.yaml'
2023-12-10 21:12:23,429 [main] INFO : workload URI: 'jar:file:///tmp/.mount_nb520si6u/usr/bin/nb5.jar!/activities/documents-api/http-docsapi-keyvalue.yaml'
2023-12-10 21:12:23,435 [main] INFO : workload URI: 'jar:file:///tmp/.mount_nb520si6u/usr/bin/nb5.jar!/activities/graphql-schema-first/http-graphql-timeseries.yaml'
2023-12-10 21:12:23,440 [main] INFO : workload URI: 'jar:file:///tmp/.mount_nb520si6u/usr/bin/nb5.jar!/activities/graphql-schema-first/http-graphql-tabular.yaml'
2023-12-10 21:12:23,445 [main] INFO : workload URI: 'jar:file:///tmp/.mount_nb520si6u/usr/bin/nb5.jar!/activities/graphql-schema-first/http-graphql-keyvalue.yaml'
2023-12-10 21:12:23,449 [main] INFO : workload URI: 'jar:file:///tmp/.mount_nb520si6u/usr/bin/nb5.jar!/activities/graphql-cql-first/http-graphql-cql-tabular.yaml'
2023-12-10 21:12:23,453 [main] INFO : workload URI: 'jar:file:///tmp/.mount_nb520si6u/usr/bin/nb5.jar!/activities/graphql-cql-first/http-graphql-cql-timeseries.yaml'
2023-12-10 21:12:23,458 [main] INFO : workload URI: 'jar:file:///tmp/.mount_nb520si6u/usr/bin/nb5.jar!/activities/graphql-cql-first/http-graphql-cql-keyvalue.yaml'
2023-12-10 21:12:23,462 [main] INFO : workload URI: 'jar:file:///tmp/.mount_nb520si6u/usr/bin/nb5.jar!/activities/baselines/http-rest-timeseries.yaml'
2023-12-10 21:12:23,466 [main] INFO : workload URI: 'jar:file:///tmp/.mount_nb520si6u/usr/bin/nb5.jar!/activities/baselines/http-rest-tabular.yaml'
2023-12-10 21:12:23,470 [main] INFO : workload URI: 'jar:file:///tmp/.mount_nb520si6u/usr/bin/nb5.jar!/activities/baselines/http-rest-keyvalue.yaml'
2023-12-10 21:12:23,475 [main] INFO : workload URI: 'jar:file:///tmp/.mount_nb520si6u/usr/bin/nb5.jar!/activities/baselines/http-rest-starter.yaml'
2023-12-10 21:12:23,479 [main] INFO : workload URI: 'jar:file:///tmp/.mount_nb520si6u/usr/bin/nb5.jar!/activities/baselines/cql_vector_typed.yaml'
2023-12-10 21:12:23,483 [main] INFO : workload URI: 'jar:file:///tmp/.mount_nb520si6u/usr/bin/nb5.jar!/activities/baselines/cql_vector.yaml'
2023-12-10 21:12:23,488 [main] INFO : workload URI: 'jar:file:///tmp/.mount_nb520si6u/usr/bin/nb5.jar!/activities/baselines/cql_starter.yaml'
2023-12-10 21:12:23,493 [main] INFO : workload URI: 'jar:file:///tmp/.mount_nb520si6u/usr/bin/nb5.jar!/activities/baselines/astra_vectors_live.yaml'
2023-12-10 21:12:23,498 [main] INFO : workload URI: 'jar:file:///tmp/.mount_nb520si6u/usr/bin/nb5.jar!/activities/baselines/cql_iot.yaml'
2023-12-10 21:12:23,502 [main] INFO : workload URI: 'jar:file:///tmp/.mount_nb520si6u/usr/bin/nb5.jar!/activities/baselines/incremental.yaml'
2023-12-10 21:12:23,506 [main] INFO : workload URI: 'jar:file:///tmp/.mount_nb520si6u/usr/bin/nb5.jar!/activities/baselines/cql_keyvalue.yaml'
2023-12-10 21:12:23,509 [main] INFO : workload URI: 'jar:file:///tmp/.mount_nb520si6u/usr/bin/nb5.jar!/activities/baselines/cql_iot_dse.yaml'
2023-12-10 21:12:23,512 [main] INFO : workload URI: 'jar:file:///tmp/.mount_nb520si6u/usr/bin/nb5.jar!/activities/baselines/cql_tabular.yaml'
2023-12-10 21:12:23,516 [main] INFO : workload URI: 'jar:file:///tmp/.mount_nb520si6u/usr/bin/nb5.jar!/activities/baselines/graph_wheels.yaml'
2023-12-10 21:12:23,520 [main] INFO : workload URI: 'jar:file:///tmp/.mount_nb520si6u/usr/bin/nb5.jar!/activities/examples/cql-rowops.yaml'
2023-12-10 21:12:23,525 [main] INFO : workload URI: 'jar:file:///tmp/.mount_nb520si6u/usr/bin/nb5.jar!/activities/examples/diag-gauge.yaml'
2023-12-10 21:12:23,529 [main] INFO : workload URI: 'jar:file:///tmp/.mount_nb520si6u/usr/bin/nb5.jar!/activities/examples/bindings/cqlvectors.yaml'
2023-12-10 21:12:23,532 [main] INFO : workload URI: 'jar:file:///tmp/.mount_nb520si6u/usr/bin/nb5.jar!/activities/examples/bindings/text.yaml'
2023-12-10 21:12:23,535 [main] INFO : workload URI: 'jar:file:///tmp/.mount_nb520si6u/usr/bin/nb5.jar!/activities/examples/bindings/cqltypes.yaml'
2023-12-10 21:12:23,537 [main] INFO : workload URI: 'jar:file:///tmp/.mount_nb520si6u/usr/bin/nb5.jar!/activities/examples/bindings/date.yaml'
2023-12-10 21:12:23,540 [main] INFO : workload URI: 'jar:file:///tmp/.mount_nb520si6u/usr/bin/nb5.jar!/activities/examples/bindings/expr.yaml'
2023-12-10 21:12:23,543 [main] INFO : workload URI: 'jar:file:///tmp/.mount_nb520si6u/usr/bin/nb5.jar!/activities/examples/bindings/timestamp.yaml'
2023-12-10 21:12:23,545 [main] INFO : workload URI: 'jar:file:///tmp/.mount_nb520si6u/usr/bin/nb5.jar!/activities/examples/bindings/uuid.yaml'
2023-12-10 21:12:23,548 [main] INFO : workload URI: 'jar:file:///tmp/.mount_nb520si6u/usr/bin/nb5.jar!/activities/examples/bindings/timeuuid.yaml'
2023-12-10 21:12:23,552 [main] INFO : workload URI: 'jar:file:///tmp/.mount_nb520si6u/usr/bin/nb5.jar!/activities/baselinesv2/http_elastic_vector.yaml'
2023-12-10 21:12:23,557 [main] INFO : workload URI: 'jar:file:///tmp/.mount_nb520si6u/usr/bin/nb5.jar!/activities/baselinesv2/cql_keyvalue2_bulky.yaml'
2023-12-10 21:12:23,561 [main] INFO : workload URI: 'jar:file:///tmp/.mount_nb520si6u/usr/bin/nb5.jar!/activities/baselinesv2/cql_tabular2.yaml'
2023-12-10 21:12:23,566 [main] INFO : workload URI: 'jar:file:///tmp/.mount_nb520si6u/usr/bin/nb5.jar!/activities/baselinesv2/cql_timeseries2.yaml'
2023-12-10 21:12:23,570 [main] INFO : workload URI: 'jar:file:///tmp/.mount_nb520si6u/usr/bin/nb5.jar!/activities/baselinesv2/cql_keyvalue2.yaml'
2023-12-10 21:12:23,574 [main] INFO : workload URI: 'jar:file:///tmp/.mount_nb520si6u/usr/bin/nb5.jar!/activities/baselinesv2/cql_vector2_fvec.yaml'
2023-12-10 21:12:23,578 [main] INFO : workload URI: 'jar:file:///tmp/.mount_nb520si6u/usr/bin/nb5.jar!/activities/baselinesv2/cql_vector2.yaml'
2023-12-10 21:12:23,584 [main] INFO : workload URI: 'jar:file:///tmp/.mount_nb520si6u/usr/bin/nb5.jar!/activities/baselinesv2/dynamodb-timeseries2.yaml'
2023-12-10 21:12:23,588 [main] INFO : workload URI: 'jar:file:///tmp/.mount_nb520si6u/usr/bin/nb5.jar!/activities/baselinesv2/dynamodb-keyvalue2.yaml'
2023-12-10 21:12:23,591 [main] INFO : workload URI: 'jar:file:///tmp/.mount_nb520si6u/usr/bin/nb5.jar!/activities/baselinesv2/dynamodb-tabular2.yaml'
2023-12-10 21:12:23,595 [main] INFO : workload URI: 'jar:file:///tmp/.mount_nb520si6u/usr/bin/nb5.jar!/activities/baselinesv2/mongodb-keyvalue2.yaml'
2023-12-10 21:12:23,599 [main] INFO : workload URI: 'jar:file:///tmp/.mount_nb520si6u/usr/bin/nb5.jar!/activities/baselinesv2/mongodb_vector_search.yaml'
2023-12-10 21:12:23,604 [main] INFO : workload URI: 'jar:file:///tmp/.mount_nb520si6u/usr/bin/nb5.jar!/activities/baselinesv2/mongodb-timeseries2.yaml'
2023-12-10 21:12:23,609 [main] INFO : workload URI: 'jar:file:///tmp/.mount_nb520si6u/usr/bin/nb5.jar!/activities/baselinesv2/mongodb-tabular2.yaml'
